warning: unused import: `TableReference`
  --> src/syntax/parser.rs:18:100
   |
18 |     ArrayConstructor, FromClause, JoinType, PathExpr, PathSegment, SelectClause, SelectExpression, TableReference,
   |                                                                                                    ^^^^^^^^^^^^^^
   |
   = note: `#[warn(unused_imports)]` (part of `#[warn(unused)]`) on by default

warning: type `CastType` is more private than the item `execution::types::Expression::Cast::1`
   --> src/execution/types.rs:130:27
    |
130 |     Cast(Box<Expression>, CastType),
    |                           ^^^^^^^^ field `execution::types::Expression::Cast::1` is reachable at visibility `pub`
    |
note: but type `CastType` is only usable at visibility `pub(crate)`
   --> src/syntax/ast.rs:217:1
    |
217 | pub(crate) enum CastType {
    | ^^^^^^^^^^^^^^^^^^^^^^^^
    = note: `#[warn(private_interfaces)]` on by default

warning: type `Binding` is more private than the item `execution::types::Node::DataSource::1`
   --> src/execution/types.rs:467:28
    |
467 |     DataSource(DataSource, Vec<common::types::Binding>),
    |                            ^^^^^^^^^^^^^^^^^^^^^^^^^^^ field `execution::types::Node::DataSource::1` is reachable at visibility `pub`
    |
note: but type `Binding` is only usable at visibility `pub(crate)`
   --> src/common/types.rs:409:1
    |
409 | pub(crate) struct Binding {
    | ^^^^^^^^^^^^^^^^^^^^^^^^^

warning: type `AvgAggregate` is more private than the item `execution::types::Aggregate::Avg::0`
   --> src/execution/types.rs:697:9
    |
697 |     Avg(AvgAggregate, Named),
    |         ^^^^^^^^^^^^ field `execution::types::Aggregate::Avg::0` is reachable at visibility `pub`
    |
note: but type `AvgAggregate` is only usable at visibility `pub(crate)`
   --> src/execution/types.rs:912:1
    |
912 | pub(crate) struct AvgAggregate {
    | ^^^^^^^^^^^^^^^^^^^^^^^^^^^^^^

warning: type `CountAggregate` is more private than the item `execution::types::Aggregate::Count::0`
    --> src/execution/types.rs:698:11
     |
 698 |     Count(CountAggregate, Named),
     |           ^^^^^^^^^^^^^^ field `execution::types::Aggregate::Count::0` is reachable at visibility `pub`
     |
note: but type `CountAggregate` is only usable at visibility `pub(crate)`
    --> src/execution/types.rs:1001:1
     |
1001 | pub(crate) struct CountAggregate {
     | ^^^^^^^^^^^^^^^^^^^^^^^^^^^^^^^^

warning: type `FirstAggregate` is more private than the item `execution::types::Aggregate::First::0`
    --> src/execution/types.rs:699:11
     |
 699 |     First(FirstAggregate, Named),
     |           ^^^^^^^^^^^^^^ field `execution::types::Aggregate::First::0` is reachable at visibility `pub`
     |
note: but type `FirstAggregate` is only usable at visibility `pub(crate)`
    --> src/execution/types.rs:1158:1
     |
1158 | pub(crate) struct FirstAggregate {
     | ^^^^^^^^^^^^^^^^^^^^^^^^^^^^^^^^

warning: type `LastAggregate` is more private than the item `execution::types::Aggregate::Last::0`
    --> src/execution/types.rs:700:10
     |
 700 |     Last(LastAggregate, Named),
     |          ^^^^^^^^^^^^^ field `execution::types::Aggregate::Last::0` is reachable at visibility `pub`
     |
note: but type `LastAggregate` is only usable at visibility `pub(crate)`
    --> src/execution/types.rs:1187:1
     |
1187 | pub(crate) struct LastAggregate {
     | ^^^^^^^^^^^^^^^^^^^^^^^^^^^^^^^

warning: type `MaxAggregate` is more private than the item `execution::types::Aggregate::Max::0`
    --> src/execution/types.rs:701:9
     |
 701 |     Max(MaxAggregate, Named),
     |         ^^^^^^^^^^^^ field `execution::types::Aggregate::Max::0` is reachable at visibility `pub`
     |
note: but type `MaxAggregate` is only usable at visibility `pub(crate)`
    --> src/execution/types.rs:1078:1
     |
1078 | pub(crate) struct MaxAggregate {
     | ^^^^^^^^^^^^^^^^^^^^^^^^^^^^^^

warning: type `MinAggregate` is more private than the item `execution::types::Aggregate::Min::0`
    --> src/execution/types.rs:702:9
     |
 702 |     Min(MinAggregate, Named),
     |         ^^^^^^^^^^^^ field `execution::types::Aggregate::Min::0` is reachable at visibility `pub`
     |
note: but type `MinAggregate` is only usable at visibility `pub(crate)`
    --> src/execution/types.rs:1118:1
     |
1118 | pub(crate) struct MinAggregate {
     | ^^^^^^^^^^^^^^^^^^^^^^^^^^^^^^

warning: type `SumAggregate` is more private than the item `execution::types::Aggregate::Sum::0`
   --> src/execution/types.rs:703:9
    |
703 |     Sum(SumAggregate, Named),
    |         ^^^^^^^^^^^^ field `execution::types::Aggregate::Sum::0` is reachable at visibility `pub`
    |
note: but type `SumAggregate` is only usable at visibility `pub(crate)`
   --> src/execution/types.rs:960:1
    |
960 | pub(crate) struct SumAggregate {
    | ^^^^^^^^^^^^^^^^^^^^^^^^^^^^^^

warning: type `ApproxCountDistinctAggregate` is more private than the item `execution::types::Aggregate::ApproxCountDistinct::0`
    --> src/execution/types.rs:704:25
     |
 704 |     ApproxCountDistinct(ApproxCountDistinctAggregate, Named),
     |                         ^^^^^^^^^^^^^^^^^^^^^^^^^^^^ field `execution::types::Aggregate::ApproxCountDistinct::0` is reachable at visibility `pub`
     |
note: but type `ApproxCountDistinctAggregate` is only usable at visibility `pub(crate)`
    --> src/execution/types.rs:1211:1
     |
1211 | pub(crate) struct ApproxCountDistinctAggregate {
     | ^^^^^^^^^^^^^^^^^^^^^^^^^^^^^^^^^^^^^^^^^^^^^^

warning: type `PercentileDiscAggregate` is more private than the item `execution::types::Aggregate::PercentileDisc::0`
   --> src/execution/types.rs:705:20
    |
705 |     PercentileDisc(PercentileDiscAggregate, String),
    |                    ^^^^^^^^^^^^^^^^^^^^^^^ field `execution::types::Aggregate::PercentileDisc::0` is reachable at visibility `pub`
    |
note: but type `PercentileDiscAggregate` is only usable at visibility `pub(crate)`
   --> src/execution/types.rs:745:1
    |
745 | pub(crate) struct PercentileDiscAggregate {
    | ^^^^^^^^^^^^^^^^^^^^^^^^^^^^^^^^^^^^^^^^^

warning: type `ApproxPercentileAggregate` is more private than the item `execution::types::Aggregate::ApproxPercentile::0`
   --> src/execution/types.rs:706:22
    |
706 |     ApproxPercentile(ApproxPercentileAggregate, String),
    |                      ^^^^^^^^^^^^^^^^^^^^^^^^^ field `execution::types::Aggregate::ApproxPercentile::0` is reachable at visibility `pub`
    |
note: but type `ApproxPercentileAggregate` is only usable at visibility `pub(crate)`
   --> src/execution/types.rs:823:1
    |
823 | pub(crate) struct ApproxPercentileAggregate {
    | ^^^^^^^^^^^^^^^^^^^^^^^^^^^^^^^^^^^^^^^^^^^

warning: type `GroupAsAggregate` is more private than the item `execution::types::Aggregate::GroupAs::0`
    --> src/execution/types.rs:707:13
     |
 707 |     GroupAs(GroupAsAggregate, Named),
     |             ^^^^^^^^^^^^^^^^ field `execution::types::Aggregate::GroupAs::0` is reachable at visibility `pub`
     |
note: but type `GroupAsAggregate` is only usable at visibility `pub(crate)`
    --> src/execution/types.rs:1049:1
     |
1049 | pub(crate) struct GroupAsAggregate {
     | ^^^^^^^^^^^^^^^^^^^^^^^^^^^^^^^^^^

warning: type `ast::Query` is more private than the item `syntax::parser::query`
   --> src/syntax/parser.rs:967:1
    |
967 | pub fn query(i: &str) -> IResult<&str, ast::Query, nom::error::Error<&str>> {
    | ^^^^^^^^^^^^^^^^^^^^^^^^^^^^^^^^^^^^^^^^^^^^^^^^^^^^^^^^^^^^^^^^^^^^^^^^^^^ function `syntax::parser::query` is reachable at visibility `pub`
    |
note: but type `ast::Query` is only usable at visibility `pub(crate)`
   --> src/syntax/ast.rs:15:1
    |
 15 | pub(crate) enum Query {
    | ^^^^^^^^^^^^^^^^^^^^^

warning: struct `IndexBinding` is never constructed
   --> src/common/types.rs:403:19
    |
403 | pub(crate) struct IndexBinding {
    |                   ^^^^^^^^^^^^
    |
    = note: `#[warn(dead_code)]` (part of `#[warn(unused)]`) on by default

warning: associated function `datatype` is never used
   --> src/execution/datasource.rs:344:19
    |
331 | impl ClassicLoadBalancerLogField {
    | -------------------------------- associated function in this implementation
...
344 |     pub(crate) fn datatype(idx: usize) -> DataType {
    |                   ^^^^^^^^

warning: associated function `datatype` is never used
   --> src/execution/datasource.rs:432:19
    |
419 | impl ApplicationLoadBalancerLogField {
    | ------------------------------------ associated function in this implementation
...
432 |     pub(crate) fn datatype(idx: usize) -> DataType {
    |                   ^^^^^^^^

warning: associated function `datatype` is never used
   --> src/execution/datasource.rs:518:19
    |
505 | impl S3Field {
    | ------------ associated function in this implementation
...
518 |     pub(crate) fn datatype(idx: usize) -> DataType {
    |                   ^^^^^^^^

warning: associated function `datatype` is never used
   --> src/execution/datasource.rs:576:19
    |
563 | impl SquidLogField {
    | ------------------ associated function in this implementation
...
576 |     pub(crate) fn datatype(idx: usize) -> DataType {
    |                   ^^^^^^^^

warning: variant `Cross` is never constructed
  --> src/syntax/ast.rs:27:5
   |
26 | pub(crate) enum JoinType {
   |                 -------- variant in this enum
27 |     Cross,
   |     ^^^^^
   |
   = note: `JoinType` has derived impls for the traits `Clone` and `Debug`, but these are intentionally ignored during dead code analysis

warning: struct `FuncCallExpression` is never constructed
   --> src/syntax/ast.rs:386:19
    |
386 | pub(crate) struct FuncCallExpression {
    |                   ^^^^^^^^^^^^^^^^^^

warning: `logq` (lib) generated 22 warnings (run `cargo fix --lib -p logq` to apply 1 suggestion)
   Compiling logq v0.1.19 (/Users/paulmeng/Develop/logq)
warning: type `syntax::ast::CastType` is more private than the item `execution::types::Expression::Cast::1`
   --> src/execution/types.rs:130:27
    |
130 |     Cast(Box<Expression>, CastType),
    |                           ^^^^^^^^ field `execution::types::Expression::Cast::1` is reachable at visibility `pub`
    |
note: but type `syntax::ast::CastType` is only usable at visibility `pub(crate)`
   --> src/syntax/ast.rs:217:1
    |
217 | pub(crate) enum CastType {
    | ^^^^^^^^^^^^^^^^^^^^^^^^
    = note: `#[warn(private_interfaces)]` on by default

warning: type `execution::types::AvgAggregate` is more private than the item `execution::types::Aggregate::Avg::0`
   --> src/execution/types.rs:697:9
    |
697 |     Avg(AvgAggregate, Named),
    |         ^^^^^^^^^^^^ field `execution::types::Aggregate::Avg::0` is reachable at visibility `pub`
    |
note: but type `execution::types::AvgAggregate` is only usable at visibility `pub(crate)`
   --> src/execution/types.rs:912:1
    |
912 | pub(crate) struct AvgAggregate {
    | ^^^^^^^^^^^^^^^^^^^^^^^^^^^^^^

warning: type `execution::types::CountAggregate` is more private than the item `execution::types::Aggregate::Count::0`
    --> src/execution/types.rs:698:11
     |
 698 |     Count(CountAggregate, Named),
     |           ^^^^^^^^^^^^^^ field `execution::types::Aggregate::Count::0` is reachable at visibility `pub`
     |
note: but type `execution::types::CountAggregate` is only usable at visibility `pub(crate)`
    --> src/execution/types.rs:1001:1
     |
1001 | pub(crate) struct CountAggregate {
     | ^^^^^^^^^^^^^^^^^^^^^^^^^^^^^^^^

warning: type `execution::types::FirstAggregate` is more private than the item `execution::types::Aggregate::First::0`
    --> src/execution/types.rs:699:11
     |
 699 |     First(FirstAggregate, Named),
     |           ^^^^^^^^^^^^^^ field `execution::types::Aggregate::First::0` is reachable at visibility `pub`
     |
note: but type `execution::types::FirstAggregate` is only usable at visibility `pub(crate)`
    --> src/execution/types.rs:1158:1
     |
1158 | pub(crate) struct FirstAggregate {
     | ^^^^^^^^^^^^^^^^^^^^^^^^^^^^^^^^

warning: type `execution::types::LastAggregate` is more private than the item `execution::types::Aggregate::Last::0`
    --> src/execution/types.rs:700:10
     |
 700 |     Last(LastAggregate, Named),
     |          ^^^^^^^^^^^^^ field `execution::types::Aggregate::Last::0` is reachable at visibility `pub`
     |
note: but type `execution::types::LastAggregate` is only usable at visibility `pub(crate)`
    --> src/execution/types.rs:1187:1
     |
1187 | pub(crate) struct LastAggregate {
     | ^^^^^^^^^^^^^^^^^^^^^^^^^^^^^^^

warning: type `execution::types::MaxAggregate` is more private than the item `execution::types::Aggregate::Max::0`
    --> src/execution/types.rs:701:9
     |
 701 |     Max(MaxAggregate, Named),
     |         ^^^^^^^^^^^^ field `execution::types::Aggregate::Max::0` is reachable at visibility `pub`
     |
note: but type `execution::types::MaxAggregate` is only usable at visibility `pub(crate)`
    --> src/execution/types.rs:1078:1
     |
1078 | pub(crate) struct MaxAggregate {
     | ^^^^^^^^^^^^^^^^^^^^^^^^^^^^^^

warning: type `execution::types::MinAggregate` is more private than the item `execution::types::Aggregate::Min::0`
    --> src/execution/types.rs:702:9
     |
 702 |     Min(MinAggregate, Named),
     |         ^^^^^^^^^^^^ field `execution::types::Aggregate::Min::0` is reachable at visibility `pub`
     |
note: but type `execution::types::MinAggregate` is only usable at visibility `pub(crate)`
    --> src/execution/types.rs:1118:1
     |
1118 | pub(crate) struct MinAggregate {
     | ^^^^^^^^^^^^^^^^^^^^^^^^^^^^^^

warning: type `execution::types::SumAggregate` is more private than the item `execution::types::Aggregate::Sum::0`
   --> src/execution/types.rs:703:9
    |
703 |     Sum(SumAggregate, Named),
    |         ^^^^^^^^^^^^ field `execution::types::Aggregate::Sum::0` is reachable at visibility `pub`
    |
note: but type `execution::types::SumAggregate` is only usable at visibility `pub(crate)`
   --> src/execution/types.rs:960:1
    |
960 | pub(crate) struct SumAggregate {
    | ^^^^^^^^^^^^^^^^^^^^^^^^^^^^^^

warning: type `syntax::ast::Query` is more private than the item `syntax::parser::query`
   --> src/syntax/parser.rs:967:1
    |
967 | pub fn query(i: &str) -> IResult<&str, ast::Query, nom::error::Error<&str>> {
    | ^^^^^^^^^^^^^^^^^^^^^^^^^^^^^^^^^^^^^^^^^^^^^^^^^^^^^^^^^^^^^^^^^^^^^^^^^^^ function `syntax::parser::query` is reachable at visibility `pub`
    |
note: but type `syntax::ast::Query` is only usable at visibility `pub(crate)`
   --> src/syntax/ast.rs:15:1
    |
 15 | pub(crate) enum Query {
    | ^^^^^^^^^^^^^^^^^^^^^

warning: `logq` (lib test) generated 22 warnings (13 duplicates)
    Finished `bench` profile [optimized] target(s) in 4.37s
warning: the following packages contain code that will be rejected by a future version of Rust: criterion v0.3.3
note: to see what the problems were, use the option `--future-incompat-report`, or run `cargo report future-incompatibilities --id 1`
     Running unittests src/lib.rs (target/release/deps/logq-768c32c8fc2837b3)

running 488 tests
test app::tests::test_alb_aggregate_processing_times ... ignored
test app::tests::test_alb_filter_by_type ... ignored
test app::tests::test_alb_order_by_received_bytes ... ignored
test app::tests::test_elb_limit_with_order ... ignored
test app::tests::test_elb_numeric_aggregation ... ignored
test app::tests::test_elb_order_by_timestamp ... ignored
test app::tests::test_elb_select_and_where_filter ... ignored
test app::tests::test_integration_case_when ... ignored
test app::tests::test_integration_cast_and_concat ... ignored
test app::tests::test_integration_distinct_and_order_by ... ignored
test app::tests::test_integration_join_with_aggregation ... ignored
test app::tests::test_integration_json_output_mode ... ignored
test app::tests::test_integration_like_between_in ... ignored
test app::tests::test_integration_mixed_case_keywords ... ignored
test app::tests::test_integration_nested_path_and_array ... ignored
test app::tests::test_integration_null_missing_propagation ... ignored
test app::tests::test_integration_nullif ... ignored
test app::tests::test_integration_string_functions ... ignored
test app::tests::test_integration_subquery_and_union ... ignored
test app::tests::test_run_cross_join_comma_syntax ... ignored
test app::tests::test_run_cross_join_jsonl ... ignored
test app::tests::test_run_cross_join_with_where ... ignored
test app::tests::test_run_except ... ignored
test app::tests::test_run_explain_mode ... ignored
test app::tests::test_run_intersect ... ignored
test app::tests::test_run_left_join_jsonl ... ignored
test app::tests::test_run_left_join_no_match ... ignored
test app::tests::test_run_left_outer_join_jsonl ... ignored
test app::tests::test_run_real_flat_log ... ignored
test app::tests::test_run_real_jsonl_log ... ignored
test app::tests::test_run_subquery_in_select ... ignored
test app::tests::test_run_subquery_in_where ... ignored
test app::tests::test_run_union ... ignored
test app::tests::test_s3_dash_placeholders ... ignored
test app::tests::test_s3_filter_by_operation ... ignored
test app::tests::test_s3_group_by_http_status ... ignored
test app::tests::test_s3_string_functions ... ignored
test app::tests::test_squid_count_by_status ... ignored
test app::tests::test_squid_filter_by_method ... ignored
test app::tests::test_squid_like_on_url ... ignored
test app::tests::test_unknown_function_error_at_planning ... ignored
test common::types::tests::test_parse_time_interval ... ignored
test common::types::tests::test_wildcard_array_nested_path ... ignored
test common::types::tests::test_wildcard_array_on_non_array ... ignored
test common::types::tests::test_wildcard_array_path_expr ... ignored
test common::types::tests::test_wildcard_attr_on_non_object ... ignored
test common::types::tests::test_wildcard_attr_path_expr ... ignored
test execution::datasource::tests::test_aws_alb_reader ... ignored
test execution::datasource::tests::test_aws_elb_reader ... ignored
test execution::datasource::tests::test_aws_s3_reader ... ignored
test execution::datasource::tests::test_idempotent_property ... ignored
test execution::datasource::tests::test_reader_on_empty_input ... ignored
test execution::datasource::tests::test_reader_on_malformed_input ... ignored
test execution::datasource::tests::test_squid_reader ... ignored
test execution::stream::tests::test_distinct_stream ... ignored
test execution::stream::tests::test_distinct_stream_all_unique ... ignored
test execution::stream::tests::test_distinct_stream_empty ... ignored
test execution::stream::tests::test_filter_stream ... ignored
test execution::stream::tests::test_limit_stream ... ignored
test execution::stream::tests::test_map_stream_with_names ... ignored
test execution::stream::tests::test_map_stream_with_star ... ignored
test execution::stream::tests::test_record_merge ... ignored
test execution::stream::tests::test_record_merge_overlapping_keys ... ignored
test execution::types::tests::test_arithmetic_null_propagation ... ignored
test execution::types::tests::test_avg_aggregate_with_many_elements ... ignored
test execution::types::tests::test_avg_aggregate_with_one_element ... ignored
test execution::types::tests::test_cast_bool_to_int ... ignored
test execution::types::tests::test_cast_bool_to_string ... ignored
test execution::types::tests::test_cast_float_to_int ... ignored
test execution::types::tests::test_cast_float_to_string ... ignored
test execution::types::tests::test_cast_identity ... ignored
test execution::types::tests::test_cast_int_to_float ... ignored
test execution::types::tests::test_cast_int_to_string ... ignored
test execution::types::tests::test_cast_missing_propagation ... ignored
test execution::types::tests::test_cast_null_propagation ... ignored
test execution::types::tests::test_cast_string_to_bool ... ignored
test execution::types::tests::test_cast_string_to_bool_invalid ... ignored
test execution::types::tests::test_cast_string_to_float ... ignored
test execution::types::tests::test_cast_string_to_int ... ignored
test execution::types::tests::test_cast_string_to_int_invalid ... ignored
test execution::types::tests::test_char_length ... ignored
test execution::types::tests::test_comparison_int_float_coercion ... ignored
test execution::types::tests::test_comparison_null_returns_none ... ignored
test execution::types::tests::test_count_aggregate ... ignored
test execution::types::tests::test_date_part_all_units ... ignored
test execution::types::tests::test_evaluate ... ignored
test execution::types::tests::test_evaluate_host_functions ... ignored
test execution::types::tests::test_evaluate_url_functions ... ignored
test execution::types::tests::test_first_aggregate ... ignored
test execution::types::tests::test_float_arithmetic ... ignored
test execution::types::tests::test_in_evaluation ... ignored
test execution::types::tests::test_in_null_propagation ... ignored
test execution::types::tests::test_is_missing ... ignored
test execution::types::tests::test_is_not_missing ... ignored
test execution::types::tests::test_is_not_null ... ignored
test execution::types::tests::test_is_null ... ignored
test execution::types::tests::test_last_aggregate ... ignored
test execution::types::tests::test_like_evaluation ... ignored
test execution::types::tests::test_like_null_propagation ... ignored
test execution::types::tests::test_like_pattern_to_regex ... ignored
test execution::types::tests::test_lower ... ignored
test execution::types::tests::test_max_aggregate ... ignored
test execution::types::tests::test_min_aggregate ... ignored
test execution::types::tests::test_not_in_evaluation ... ignored
test execution::types::tests::test_not_in_null_propagation ... ignored
test execution::types::tests::test_not_like_evaluation ... ignored
test execution::types::tests::test_string_concat_evaluation ... ignored
test execution::types::tests::test_string_concat_missing_propagation ... ignored
test execution::types::tests::test_string_concat_null_propagation ... ignored
test execution::types::tests::test_string_functions_null_propagation ... ignored
test execution::types::tests::test_substring ... ignored
test execution::types::tests::test_sum_aggregate_with_many_elements ... ignored
test execution::types::tests::test_three_valued_and ... ignored
test execution::types::tests::test_three_valued_and_with_null ... ignored
test execution::types::tests::test_three_valued_not ... ignored
test execution::types::tests::test_three_valued_not_with_null ... ignored
test execution::types::tests::test_three_valued_or ... ignored
test execution::types::tests::test_three_valued_or_with_null ... ignored
test execution::types::tests::test_trim ... ignored
test execution::types::tests::test_upper ... ignored
test functions::arithmetic::tests::test_abs_float ... ignored
test functions::arithmetic::tests::test_abs_int ... ignored
test functions::arithmetic::tests::test_acos ... ignored
test functions::arithmetic::tests::test_asin ... ignored
test functions::arithmetic::tests::test_atan ... ignored
test functions::arithmetic::tests::test_atan2 ... ignored
test functions::arithmetic::tests::test_ceil ... ignored
test functions::arithmetic::tests::test_ceil_int_passthrough ... ignored
test functions::arithmetic::tests::test_ceiling_alias ... ignored
test functions::arithmetic::tests::test_cos ... ignored
test functions::arithmetic::tests::test_cosh ... ignored
test functions::arithmetic::tests::test_degrees ... ignored
test functions::arithmetic::tests::test_divide_by_zero ... ignored
test functions::arithmetic::tests::test_e_constant ... ignored
test functions::arithmetic::tests::test_exp ... ignored
test functions::arithmetic::tests::test_exp_int ... ignored
test functions::arithmetic::tests::test_floor ... ignored
test functions::arithmetic::tests::test_floor_int_passthrough ... ignored
test functions::arithmetic::tests::test_infinity ... ignored
test functions::arithmetic::tests::test_is_finite ... ignored
test functions::arithmetic::tests::test_is_infinite ... ignored
test functions::arithmetic::tests::test_is_nan ... ignored
test functions::arithmetic::tests::test_ln ... ignored
test functions::arithmetic::tests::test_ln_e ... ignored
test functions::arithmetic::tests::test_log10 ... ignored
test functions::arithmetic::tests::test_log2 ... ignored
test functions::arithmetic::tests::test_minus_int ... ignored
test functions::arithmetic::tests::test_mod_by_zero ... ignored
test functions::arithmetic::tests::test_mod_int ... ignored
test functions::arithmetic::tests::test_modulus_alias ... ignored
test functions::arithmetic::tests::test_nan_constant ... ignored
test functions::arithmetic::tests::test_pi ... ignored
test functions::arithmetic::tests::test_plus_float ... ignored
test functions::arithmetic::tests::test_plus_int ... ignored
test functions::arithmetic::tests::test_plus_int_float_coercion ... ignored
test functions::arithmetic::tests::test_plus_null_propagation ... ignored
test functions::arithmetic::tests::test_pow_alias ... ignored
test functions::arithmetic::tests::test_power ... ignored
test functions::arithmetic::tests::test_power_float ... ignored
test functions::arithmetic::tests::test_radians ... ignored
test functions::arithmetic::tests::test_rand_returns_float ... ignored
test functions::arithmetic::tests::test_random_alias ... ignored
test functions::arithmetic::tests::test_round ... ignored
test functions::arithmetic::tests::test_round_down ... ignored
test functions::arithmetic::tests::test_round_int_passthrough ... ignored
test functions::arithmetic::tests::test_round_two_args ... ignored
test functions::arithmetic::tests::test_sign ... ignored
test functions::arithmetic::tests::test_sign_float ... ignored
test functions::arithmetic::tests::test_sin ... ignored
test functions::arithmetic::tests::test_sqrt ... ignored
test functions::arithmetic::tests::test_sqrt_int ... ignored
test functions::arithmetic::tests::test_tan ... ignored
test functions::arithmetic::tests::test_tanh ... ignored
test functions::arithmetic::tests::test_times_int ... ignored
test functions::arithmetic::tests::test_trig_with_int ... ignored
test functions::arithmetic::tests::test_trunc_alias ... ignored
test functions::arithmetic::tests::test_truncate ... ignored
test functions::array::tests::test_array_contains ... ignored
test functions::array::tests::test_array_distinct ... ignored
test functions::array::tests::test_array_except ... ignored
test functions::array::tests::test_array_intersect ... ignored
test functions::array::tests::test_array_join ... ignored
test functions::array::tests::test_array_join_with_null_replacement ... ignored
test functions::array::tests::test_array_join_with_nulls_skip ... ignored
test functions::array::tests::test_array_max ... ignored
test functions::array::tests::test_array_min ... ignored
test functions::array::tests::test_array_null_propagation ... ignored
test functions::array::tests::test_array_position ... ignored
test functions::array::tests::test_array_remove ... ignored
test functions::array::tests::test_array_sort ... ignored
test functions::array::tests::test_array_sort_strings ... ignored
test functions::array::tests::test_array_union ... ignored
test functions::array::tests::test_cardinality ... ignored
test functions::array::tests::test_cardinality_object ... ignored
test functions::array::tests::test_flatten ... ignored
test functions::array::tests::test_flatten_mixed ... ignored
test functions::array::tests::test_shuffle ... ignored
test functions::array::tests::test_slice ... ignored
test functions::array::tests::test_slice_out_of_bounds ... ignored
test functions::bitwise::tests::test_bit_count ... ignored
test functions::bitwise::tests::test_bitwise_and ... ignored
test functions::bitwise::tests::test_bitwise_not ... ignored
test functions::bitwise::tests::test_bitwise_null_propagation ... ignored
test functions::bitwise::tests::test_bitwise_or ... ignored
test functions::bitwise::tests::test_bitwise_shift_left ... ignored
test functions::bitwise::tests::test_bitwise_shift_right ... ignored
test functions::bitwise::tests::test_bitwise_xor ... ignored
test functions::datetime::tests::test_date_add_day ... ignored
test functions::datetime::tests::test_date_add_hour ... ignored
test functions::datetime::tests::test_date_add_minute ... ignored
test functions::datetime::tests::test_date_add_second ... ignored
test functions::datetime::tests::test_date_diff_day ... ignored
test functions::datetime::tests::test_date_diff_hour ... ignored
test functions::datetime::tests::test_date_diff_minute ... ignored
test functions::datetime::tests::test_date_diff_second ... ignored
test functions::datetime::tests::test_date_part_day ... ignored
test functions::datetime::tests::test_date_part_hour ... ignored
test functions::datetime::tests::test_date_part_minute ... ignored
test functions::datetime::tests::test_date_part_month ... ignored
test functions::datetime::tests::test_date_part_null_propagation ... ignored
test functions::datetime::tests::test_date_part_second ... ignored
test functions::datetime::tests::test_date_part_year ... ignored
test functions::datetime::tests::test_date_trunc_day ... ignored
test functions::datetime::tests::test_date_trunc_hour ... ignored
test functions::datetime::tests::test_date_trunc_minute ... ignored
test functions::datetime::tests::test_date_trunc_second ... ignored
test functions::datetime::tests::test_day ... ignored
test functions::datetime::tests::test_day_of_week ... ignored
test functions::datetime::tests::test_day_of_year ... ignored
test functions::datetime::tests::test_from_unixtime ... ignored
test functions::datetime::tests::test_hour ... ignored
test functions::datetime::tests::test_millisecond ... ignored
test functions::datetime::tests::test_minute ... ignored
test functions::datetime::tests::test_month ... ignored
test functions::datetime::tests::test_now ... ignored
test functions::datetime::tests::test_quarter ... ignored
test functions::datetime::tests::test_second ... ignored
test functions::datetime::tests::test_time_bucket_15_seconds ... ignored
test functions::datetime::tests::test_time_bucket_2_hours ... ignored
test functions::datetime::tests::test_time_bucket_5_minutes ... ignored
test functions::datetime::tests::test_time_bucket_null_propagation ... ignored
test functions::datetime::tests::test_time_bucket_unsupported_interval ... ignored
test functions::datetime::tests::test_time_bucket_zero_interval ... ignored
test functions::datetime::tests::test_to_unixtime ... ignored
test functions::datetime::tests::test_week ... ignored
test functions::datetime::tests::test_year ... ignored
test functions::host::tests::test_host_name ... ignored
test functions::host::tests::test_host_name_invalid_type ... ignored
test functions::host::tests::test_host_name_null_missing ... ignored
test functions::host::tests::test_host_port ... ignored
test functions::host::tests::test_host_port_null_missing ... ignored
test functions::host::tests::test_host_port_zero ... ignored
test functions::json::tests::test_is_json_scalar ... ignored
test functions::json::tests::test_json_array_contains ... ignored
test functions::json::tests::test_json_array_length ... ignored
test functions::json::tests::test_json_array_length_not_array ... ignored
test functions::json::tests::test_json_extract ... ignored
test functions::json::tests::test_json_extract_array_index ... ignored
test functions::json::tests::test_json_extract_nested ... ignored
test functions::json::tests::test_json_extract_scalar ... ignored
test functions::json::tests::test_json_null_propagation ... ignored
test functions::json::tests::test_json_parse_invalid ... ignored
test functions::json::tests::test_json_parse_valid ... ignored
test functions::json::tests::test_json_size_array ... ignored
test functions::json::tests::test_json_size_object ... ignored
test functions::map::tests::test_element_at_array ... ignored
test functions::map::tests::test_element_at_object ... ignored
test functions::map::tests::test_map_concat ... ignored
test functions::map::tests::test_map_entries ... ignored
test functions::map::tests::test_map_from_entries ... ignored
test functions::map::tests::test_map_keys ... ignored
test functions::map::tests::test_map_null_propagation ... ignored
test functions::map::tests::test_map_values ... ignored
test functions::regexp::tests::test_regexp_count ... ignored
test functions::regexp::tests::test_regexp_extract ... ignored
test functions::regexp::tests::test_regexp_extract_all ... ignored
test functions::regexp::tests::test_regexp_extract_no_match ... ignored
test functions::regexp::tests::test_regexp_extract_with_group ... ignored
test functions::regexp::tests::test_regexp_like ... ignored
test functions::regexp::tests::test_regexp_null_propagation ... ignored
test functions::regexp::tests::test_regexp_replace ... ignored
test functions::regexp::tests::test_regexp_split ... ignored
test functions::registry::tests::test_case_insensitive_lookup ... ignored
test functions::registry::tests::test_custom_null_handling ... ignored
test functions::registry::tests::test_duplicate_registration_error ... ignored
test functions::registry::tests::test_null_propagation_missing_precedence ... ignored
test functions::registry::tests::test_register_and_call ... ignored
test functions::registry::tests::test_validate_arity_mismatch ... ignored
test functions::registry::tests::test_validate_range_arity ... ignored
test functions::registry::tests::test_validate_unknown_function ... ignored
test functions::registry::tests::test_validate_variadic_arity ... ignored
test functions::string::tests::test_char_length ... ignored
test functions::string::tests::test_character_length_alias ... ignored
test functions::string::tests::test_chr ... ignored
test functions::string::tests::test_codepoint ... ignored
test functions::string::tests::test_codepoint_error_multi_char ... ignored
test functions::string::tests::test_concat_null_propagation_behavioral_change ... ignored
test functions::string::tests::test_concat_operator ... ignored
test functions::string::tests::test_concat_ws ... ignored
test functions::string::tests::test_concat_ws_null_separator ... ignored
test functions::string::tests::test_concat_ws_skip_nulls ... ignored
test functions::string::tests::test_ends_with ... ignored
test functions::string::tests::test_hamming_distance ... ignored
test functions::string::tests::test_hamming_distance_different_lengths ... ignored
test functions::string::tests::test_levenshtein_distance ... ignored
test functions::string::tests::test_levenshtein_distance_same ... ignored
test functions::string::tests::test_lower ... ignored
test functions::string::tests::test_lpad ... ignored
test functions::string::tests::test_lpad_truncate ... ignored
test functions::string::tests::test_ltrim ... ignored
test functions::string::tests::test_position ... ignored
test functions::string::tests::test_repeat ... ignored
test functions::string::tests::test_replace ... ignored
test functions::string::tests::test_reverse ... ignored
test functions::string::tests::test_reverse_array ... ignored
test functions::string::tests::test_rpad ... ignored
test functions::string::tests::test_rpad_truncate ... ignored
test functions::string::tests::test_rtrim ... ignored
test functions::string::tests::test_split ... ignored
test functions::string::tests::test_split_part ... ignored
test functions::string::tests::test_split_part_out_of_bounds ... ignored
test functions::string::tests::test_starts_with ... ignored
test functions::string::tests::test_strpos ... ignored
test functions::string::tests::test_substring_three_args ... ignored
test functions::string::tests::test_substring_two_args ... ignored
test functions::string::tests::test_trim ... ignored
test functions::string::tests::test_upper ... ignored
test functions::type_conversion::tests::test_format_number ... ignored
test functions::type_conversion::tests::test_from_base ... ignored
test functions::type_conversion::tests::test_to_base ... ignored
test functions::type_conversion::tests::test_try_cast_int_to_string ... ignored
test functions::type_conversion::tests::test_try_cast_invalid_returns_null ... ignored
test functions::type_conversion::tests::test_try_cast_string_to_boolean ... ignored
test functions::type_conversion::tests::test_try_cast_string_to_int ... ignored
test functions::type_conversion::tests::test_typeof_int ... ignored
test functions::type_conversion::tests::test_typeof_null ... ignored
test functions::type_conversion::tests::test_typeof_string ... ignored
test functions::url::tests::test_url_fragment ... ignored
test functions::url::tests::test_url_fragment_none ... ignored
test functions::url::tests::test_url_host ... ignored
test functions::url::tests::test_url_host_null_missing ... ignored
test functions::url::tests::test_url_path ... ignored
test functions::url::tests::test_url_path_bucket ... ignored
test functions::url::tests::test_url_path_bucket_null_missing ... ignored
test functions::url::tests::test_url_path_segments ... ignored
test functions::url::tests::test_url_path_segments_null_missing ... ignored
test functions::url::tests::test_url_port ... ignored
test functions::url::tests::test_url_port_none ... ignored
test functions::url::tests::test_url_query ... ignored
test functions::url::tests::test_url_query_none ... ignored
test logical::parser::test::test_parse_aggregate ... ignored
test logical::parser::test::test_parse_condition ... ignored
test logical::parser::test::test_parse_condition_non_binary_expression ... ignored
test logical::parser::test::test_parse_logic_case_when_in_boolean_context ... ignored
test logical::parser::test::test_parse_logic_column_in_boolean_context ... ignored
test logical::parser::test::test_parse_logic_expression ... ignored
test logical::parser::test::test_parse_logic_func_call_in_boolean_context ... ignored
test logical::parser::test::test_parse_query_cross_join_produces_cross_join_node ... ignored
test logical::parser::test::test_parse_query_group_by_mismatch_fields ... ignored
test logical::parser::test::test_parse_query_group_by_without_aggregate ... ignored
test logical::parser::test::test_parse_query_left_join_produces_left_join_node ... ignored
test logical::parser::test::test_parse_query_select_value_expression ... ignored
test logical::parser::test::test_parse_query_select_value_literal ... ignored
test logical::parser::test::test_parse_query_single_from_no_cross_join ... ignored
test logical::parser::test::test_parse_query_with_group_by ... ignored
test logical::parser::test::test_parse_query_with_simple_select_where_no_from_clause_bindings ... ignored
test logical::parser::test::test_parse_query_with_simple_select_where_with_bindings ... ignored
test logical::parser::test::test_parse_value_expression ... ignored
test logical::types::test::test_expression_gen_physical ... ignored
test logical::types::test::test_filter_with_map_gen_physical ... ignored
test logical::types::test::test_formula_gen_physical ... ignored
test logical::types::test::test_group_by_gen_physical ... ignored
test logical::types::test::test_relation_gen_physical ... ignored
test syntax::desugar::tests::test_desugar_between ... ignored
test syntax::desugar::tests::test_desugar_coalesce_case_insensitive ... ignored
test syntax::desugar::tests::test_desugar_coalesce_no_args ... ignored
test syntax::desugar::tests::test_desugar_coalesce_single_arg ... ignored
test syntax::desugar::tests::test_desugar_coalesce_three_args ... ignored
test syntax::desugar::tests::test_desugar_coalesce_two_args ... ignored
test syntax::desugar::tests::test_desugar_identity ... ignored
test syntax::desugar::tests::test_desugar_nested_expression ... ignored
test syntax::desugar::tests::test_desugar_not_between ... ignored
test syntax::desugar::tests::test_desugar_nullif ... ignored
test syntax::desugar::tests::test_desugar_nullif_case_insensitive ... ignored
test syntax::desugar::tests::test_desugar_nullif_wrong_arg_count ... ignored
test syntax::parser::test::test_array_constructor ... ignored
test syntax::parser::test::test_between_case_insensitive ... ignored
test syntax::parser::test::test_between_expression_structure ... ignored
test syntax::parser::test::test_between_parsing ... ignored
test syntax::parser::test::test_between_with_logical_and ... ignored
test syntax::parser::test::test_boolean ... ignored
test syntax::parser::test::test_case_when_expression ... ignored
test syntax::parser::test::test_case_when_no_else ... ignored
test syntax::parser::test::test_cast_bool_alias ... ignored
test syntax::parser::test::test_cast_boolean_type ... ignored
test syntax::parser::test::test_cast_float_type ... ignored
test syntax::parser::test::test_cast_in_select ... ignored
test syntax::parser::test::test_cast_in_where ... ignored
test syntax::parser::test::test_cast_integer_alias ... ignored
test syntax::parser::test::test_cast_parsing ... ignored
test syntax::parser::test::test_cast_parsing_uppercase ... ignored
test syntax::parser::test::test_cast_string_alias ... ignored
test syntax::parser::test::test_cast_with_expression ... ignored
test syntax::parser::test::test_coalesce_in_select ... ignored
test syntax::parser::test::test_coalesce_in_where ... ignored
test syntax::parser::test::test_coalesce_parsing ... ignored
test syntax::parser::test::test_coalesce_three_args_parsing ... ignored
test syntax::parser::test::test_condition_expression ... ignored
test syntax::parser::test::test_cross_join_and_comma_both_work ... ignored
test syntax::parser::test::test_cross_join_case_insensitive ... ignored
test syntax::parser::test::test_cross_join_parsing ... ignored
test syntax::parser::test::test_cross_join_three_way ... ignored
test syntax::parser::test::test_cross_join_with_where ... ignored
test syntax::parser::test::test_except_parsing ... ignored
test syntax::parser::test::test_expression_term ... ignored
test syntax::parser::test::test_float ... ignored
test syntax::parser::test::test_func_call ... ignored
test syntax::parser::test::test_group_by_expression ... ignored
test syntax::parser::test::test_identifier ... ignored
test syntax::parser::test::test_in_case_insensitive ... ignored
test syntax::parser::test::test_in_expression_structure ... ignored
test syntax::parser::test::test_in_parsing ... ignored
test syntax::parser::test::test_in_with_and ... ignored
test syntax::parser::test::test_integral ... ignored
test syntax::parser::test::test_intersect_parsing ... ignored
test syntax::parser::test::test_is_missing_expression_structure ... ignored
test syntax::parser::test::test_is_missing_parsing ... ignored
test syntax::parser::test::test_is_not_missing_expression_structure ... ignored
test syntax::parser::test::test_is_not_missing_parsing ... ignored
test syntax::parser::test::test_is_not_null_expression_structure ... ignored
test syntax::parser::test::test_is_not_null_parsing ... ignored
test syntax::parser::test::test_is_null_expression_structure ... ignored
test syntax::parser::test::test_is_null_parsing ... ignored
test syntax::parser::test::test_keyword_as_identifier_rejected_case_insensitive ... ignored
test syntax::parser::test::test_left_join_parsing ... ignored
test syntax::parser::test::test_left_outer_join_parsing ... ignored
test syntax::parser::test::test_like_case_insensitive_keyword ... ignored
test syntax::parser::test::test_like_expression_structure ... ignored
test syntax::parser::test::test_like_parsing ... ignored
test syntax::parser::test::test_like_with_and ... ignored
test syntax::parser::test::test_missing_literal ... ignored
test syntax::parser::test::test_mixed_case_query ... ignored
test syntax::parser::test::test_multi_branch_case_when ... ignored
test syntax::parser::test::test_not_between_expression_structure ... ignored
test syntax::parser::test::test_not_between_parsing ... ignored
test syntax::parser::test::test_not_in_expression_structure ... ignored
test syntax::parser::test::test_not_in_parsing ... ignored
test syntax::parser::test::test_not_like_expression_structure ... ignored
test syntax::parser::test::test_not_like_parsing ... ignored
test syntax::parser::test::test_null_literal ... ignored
test syntax::parser::test::test_null_literal_uppercase ... ignored
test syntax::parser::test::test_nullif_in_select ... ignored
test syntax::parser::test::test_nullif_in_where ... ignored
test syntax::parser::test::test_nullif_parsing ... ignored
test syntax::parser::test::test_order_by_clause ... ignored
test syntax::parser::test::test_ordering_term ... ignored
test syntax::parser::test::test_parse_expression_at_precedence ... ignored
test syntax::parser::test::test_parse_expression_atom ... ignored
test syntax::parser::test::test_parse_expression_op ... ignored
test syntax::parser::test::test_path_expr ... ignored
test syntax::parser::test::test_select_distinct_parsing ... ignored
test syntax::parser::test::test_select_expression_list ... ignored
test syntax::parser::test::test_select_statement ... ignored
test syntax::parser::test::test_select_statement_with_as ... ignored
test syntax::parser::test::test_select_statement_with_func_call ... ignored
test syntax::parser::test::test_select_statement_with_limit ... ignored
test syntax::parser::test::test_select_statement_with_order ... ignored
test syntax::parser::test::test_select_statement_with_within_group ... ignored
test syntax::parser::test::test_select_stmt_error ... ignored
test syntax::parser::test::test_select_value_statement ... ignored
test syntax::parser::test::test_select_without_distinct ... ignored
test syntax::parser::test::test_single_quote_literal_string ... ignored
test syntax::parser::test::test_string_concat_chained ... ignored
test syntax::parser::test::test_string_concat_parsing ... ignored
test syntax::parser::test::test_string_literal ... ignored
test syntax::parser::test::test_string_literal_case_preserved ... ignored
test syntax::parser::test::test_subquery_in_select ... ignored
test syntax::parser::test::test_subquery_in_where ... ignored
test syntax::parser::test::test_tuple_constructor ... ignored
test syntax::parser::test::test_union_all_parsing ... ignored
test syntax::parser::test::test_union_parsing ... ignored
test syntax::parser::test::test_uppercase_logical_operators ... ignored
test syntax::parser::test::test_value_constructor ... ignored
test syntax::parser::test::test_value_expression ... ignored
test syntax::parser::test::test_wildcard_array_path ... ignored
test syntax::parser::test::test_wildcard_array_path_nested ... ignored
test syntax::parser::test::test_wildcard_attr_path ... ignored
test syntax::parser::test::test_wildcard_attr_path_nested ... ignored

test result: ok. 0 passed; 0 failed; 488 ignored; 0 measured; 0 filtered out; finished in 0.00s

     Running unittests src/main.rs (target/release/deps/logq-4edd7bb496cac51c)

running 0 tests

test result: ok. 0 passed; 0 failed; 0 ignored; 0 measured; 0 filtered out; finished in 0.00s

     Running benches/bench_udf.rs (target/release/deps/bench_udf-f896cc0ee65b6aa4)
Gnuplot not found, using plotters backend
Benchmarking udf/upper
Benchmarking udf/upper: Warming up for 3.0000 s
Benchmarking udf/upper: Collecting 100 samples in estimated 5.0001 s (164M iterations)
Benchmarking udf/upper: Analyzing
udf/upper               time:   [30.419 ns 30.569 ns 30.734 ns]
                        change: [+1.4108% +2.0974% +2.8276%] (p = 0.00 < 0.05)
                        Performance has regressed.
Found 5 outliers among 100 measurements (5.00%)
  3 (3.00%) low mild
  2 (2.00%) high mild
Benchmarking udf/round
Benchmarking udf/round: Warming up for 3.0000 s
Benchmarking udf/round: Collecting 100 samples in estimated 5.0001 s (250M iterations)
Benchmarking udf/round: Analyzing
udf/round               time:   [19.847 ns 20.056 ns 20.346 ns]
                        change: [+1.5815% +3.2990% +5.1519%] (p = 0.00 < 0.05)
                        Performance has regressed.
Found 8 outliers among 100 measurements (8.00%)
  1 (1.00%) low severe
  1 (1.00%) low mild
  1 (1.00%) high mild
  5 (5.00%) high severe
Benchmarking udf/date_part
Benchmarking udf/date_part: Warming up for 3.0000 s
Benchmarking udf/date_part: Collecting 100 samples in estimated 5.0000 s (184M iterations)
Benchmarking udf/date_part: Analyzing
udf/date_part           time:   [27.008 ns 27.081 ns 27.162 ns]
                        change: [+1.9835% +2.5987% +3.1452%] (p = 0.00 < 0.05)
                        Performance has regressed.
Found 9 outliers among 100 measurements (9.00%)
  1 (1.00%) low severe
  3 (3.00%) low mild
  3 (3.00%) high mild
  2 (2.00%) high severe
Benchmarking udf/array_contains
Benchmarking udf/array_contains: Warming up for 3.0000 s
Benchmarking udf/array_contains: Collecting 100 samples in estimated 5.0001 s (220M iterations)
Benchmarking udf/array_contains: Analyzing
udf/array_contains      time:   [22.224 ns 22.258 ns 22.291 ns]
                        change: [+1.2938% +1.8937% +2.4421%] (p = 0.00 < 0.05)
                        Performance has regressed.
Found 8 outliers among 100 measurements (8.00%)
  2 (2.00%) low mild
  4 (4.00%) high mild
  2 (2.00%) high severe
Benchmarking udf/map_keys
Benchmarking udf/map_keys: Warming up for 3.0000 s
Benchmarking udf/map_keys: Collecting 100 samples in estimated 5.0002 s (90M iterations)
Benchmarking udf/map_keys: Analyzing
udf/map_keys            time:   [56.097 ns 56.249 ns 56.404 ns]
                        change: [-1.0026% -0.4815% +0.0551%] (p = 0.08 > 0.05)
                        No change in performance detected.
Found 3 outliers among 100 measurements (3.00%)
  2 (2.00%) low mild
  1 (1.00%) high severe
Benchmarking udf/regexp_like
Benchmarking udf/regexp_like: Warming up for 3.0000 s
Benchmarking udf/regexp_like: Collecting 100 samples in estimated 5.0000 s (1.7M iterations)
Benchmarking udf/regexp_like: Analyzing
udf/regexp_like         time:   [2.8879 us 2.8971 us 2.9063 us]
                        change: [-1.2844% +0.1967% +1.4725%] (p = 0.80 > 0.05)
                        No change in performance detected.
Found 5 outliers among 100 measurements (5.00%)
  5 (5.00%) high mild

