warning: unused import: `TableReference`
  --> src/syntax/parser.rs:18:100
   |
18 |     ArrayConstructor, FromClause, JoinType, PathExpr, PathSegment, SelectClause, SelectExpression, TableReference,
   |                                                                                                    ^^^^^^^^^^^^^^
   |
   = note: `#[warn(unused_imports)]` (part of `#[warn(unused)]`) on by default

warning: type `CastType` is more private than the item `execution::types::Expression::Cast::1`
   --> src/execution/types.rs:130:27
    |
130 |     Cast(Box<Expression>, CastType),
    |                           ^^^^^^^^ field `execution::types::Expression::Cast::1` is reachable at visibility `pub`
    |
note: but type `CastType` is only usable at visibility `pub(crate)`
   --> src/syntax/ast.rs:217:1
    |
217 | pub(crate) enum CastType {
    | ^^^^^^^^^^^^^^^^^^^^^^^^
    = note: `#[warn(private_interfaces)]` on by default

warning: type `Binding` is more private than the item `execution::types::Node::DataSource::1`
   --> src/execution/types.rs:467:28
    |
467 |     DataSource(DataSource, Vec<common::types::Binding>),
    |                            ^^^^^^^^^^^^^^^^^^^^^^^^^^^ field `execution::types::Node::DataSource::1` is reachable at visibility `pub`
    |
note: but type `Binding` is only usable at visibility `pub(crate)`
   --> src/common/types.rs:409:1
    |
409 | pub(crate) struct Binding {
    | ^^^^^^^^^^^^^^^^^^^^^^^^^

warning: type `AvgAggregate` is more private than the item `execution::types::Aggregate::Avg::0`
   --> src/execution/types.rs:697:9
    |
697 |     Avg(AvgAggregate, Named),
    |         ^^^^^^^^^^^^ field `execution::types::Aggregate::Avg::0` is reachable at visibility `pub`
    |
note: but type `AvgAggregate` is only usable at visibility `pub(crate)`
   --> src/execution/types.rs:912:1
    |
912 | pub(crate) struct AvgAggregate {
    | ^^^^^^^^^^^^^^^^^^^^^^^^^^^^^^

warning: type `CountAggregate` is more private than the item `execution::types::Aggregate::Count::0`
    --> src/execution/types.rs:698:11
     |
 698 |     Count(CountAggregate, Named),
     |           ^^^^^^^^^^^^^^ field `execution::types::Aggregate::Count::0` is reachable at visibility `pub`
     |
note: but type `CountAggregate` is only usable at visibility `pub(crate)`
    --> src/execution/types.rs:1001:1
     |
1001 | pub(crate) struct CountAggregate {
     | ^^^^^^^^^^^^^^^^^^^^^^^^^^^^^^^^

warning: type `FirstAggregate` is more private than the item `execution::types::Aggregate::First::0`
    --> src/execution/types.rs:699:11
     |
 699 |     First(FirstAggregate, Named),
     |           ^^^^^^^^^^^^^^ field `execution::types::Aggregate::First::0` is reachable at visibility `pub`
     |
note: but type `FirstAggregate` is only usable at visibility `pub(crate)`
    --> src/execution/types.rs:1158:1
     |
1158 | pub(crate) struct FirstAggregate {
     | ^^^^^^^^^^^^^^^^^^^^^^^^^^^^^^^^

warning: type `LastAggregate` is more private than the item `execution::types::Aggregate::Last::0`
    --> src/execution/types.rs:700:10
     |
 700 |     Last(LastAggregate, Named),
     |          ^^^^^^^^^^^^^ field `execution::types::Aggregate::Last::0` is reachable at visibility `pub`
     |
note: but type `LastAggregate` is only usable at visibility `pub(crate)`
    --> src/execution/types.rs:1187:1
     |
1187 | pub(crate) struct LastAggregate {
     | ^^^^^^^^^^^^^^^^^^^^^^^^^^^^^^^

warning: type `MaxAggregate` is more private than the item `execution::types::Aggregate::Max::0`
    --> src/execution/types.rs:701:9
     |
 701 |     Max(MaxAggregate, Named),
     |         ^^^^^^^^^^^^ field `execution::types::Aggregate::Max::0` is reachable at visibility `pub`
     |
note: but type `MaxAggregate` is only usable at visibility `pub(crate)`
    --> src/execution/types.rs:1078:1
     |
1078 | pub(crate) struct MaxAggregate {
     | ^^^^^^^^^^^^^^^^^^^^^^^^^^^^^^

warning: type `MinAggregate` is more private than the item `execution::types::Aggregate::Min::0`
    --> src/execution/types.rs:702:9
     |
 702 |     Min(MinAggregate, Named),
     |         ^^^^^^^^^^^^ field `execution::types::Aggregate::Min::0` is reachable at visibility `pub`
     |
note: but type `MinAggregate` is only usable at visibility `pub(crate)`
    --> src/execution/types.rs:1118:1
     |
1118 | pub(crate) struct MinAggregate {
     | ^^^^^^^^^^^^^^^^^^^^^^^^^^^^^^

warning: type `SumAggregate` is more private than the item `execution::types::Aggregate::Sum::0`
   --> src/execution/types.rs:703:9
    |
703 |     Sum(SumAggregate, Named),
    |         ^^^^^^^^^^^^ field `execution::types::Aggregate::Sum::0` is reachable at visibility `pub`
    |
note: but type `SumAggregate` is only usable at visibility `pub(crate)`
   --> src/execution/types.rs:960:1
    |
960 | pub(crate) struct SumAggregate {
    | ^^^^^^^^^^^^^^^^^^^^^^^^^^^^^^

warning: type `ApproxCountDistinctAggregate` is more private than the item `execution::types::Aggregate::ApproxCountDistinct::0`
    --> src/execution/types.rs:704:25
     |
 704 |     ApproxCountDistinct(ApproxCountDistinctAggregate, Named),
     |                         ^^^^^^^^^^^^^^^^^^^^^^^^^^^^ field `execution::types::Aggregate::ApproxCountDistinct::0` is reachable at visibility `pub`
     |
note: but type `ApproxCountDistinctAggregate` is only usable at visibility `pub(crate)`
    --> src/execution/types.rs:1211:1
     |
1211 | pub(crate) struct ApproxCountDistinctAggregate {
     | ^^^^^^^^^^^^^^^^^^^^^^^^^^^^^^^^^^^^^^^^^^^^^^

warning: type `PercentileDiscAggregate` is more private than the item `execution::types::Aggregate::PercentileDisc::0`
   --> src/execution/types.rs:705:20
    |
705 |     PercentileDisc(PercentileDiscAggregate, String),
    |                    ^^^^^^^^^^^^^^^^^^^^^^^ field `execution::types::Aggregate::PercentileDisc::0` is reachable at visibility `pub`
    |
note: but type `PercentileDiscAggregate` is only usable at visibility `pub(crate)`
   --> src/execution/types.rs:745:1
    |
745 | pub(crate) struct PercentileDiscAggregate {
    | ^^^^^^^^^^^^^^^^^^^^^^^^^^^^^^^^^^^^^^^^^

warning: type `ApproxPercentileAggregate` is more private than the item `execution::types::Aggregate::ApproxPercentile::0`
   --> src/execution/types.rs:706:22
    |
706 |     ApproxPercentile(ApproxPercentileAggregate, String),
    |                      ^^^^^^^^^^^^^^^^^^^^^^^^^ field `execution::types::Aggregate::ApproxPercentile::0` is reachable at visibility `pub`
    |
note: but type `ApproxPercentileAggregate` is only usable at visibility `pub(crate)`
   --> src/execution/types.rs:823:1
    |
823 | pub(crate) struct ApproxPercentileAggregate {
    | ^^^^^^^^^^^^^^^^^^^^^^^^^^^^^^^^^^^^^^^^^^^

warning: type `GroupAsAggregate` is more private than the item `execution::types::Aggregate::GroupAs::0`
    --> src/execution/types.rs:707:13
     |
 707 |     GroupAs(GroupAsAggregate, Named),
     |             ^^^^^^^^^^^^^^^^ field `execution::types::Aggregate::GroupAs::0` is reachable at visibility `pub`
     |
note: but type `GroupAsAggregate` is only usable at visibility `pub(crate)`
    --> src/execution/types.rs:1049:1
     |
1049 | pub(crate) struct GroupAsAggregate {
     | ^^^^^^^^^^^^^^^^^^^^^^^^^^^^^^^^^^

warning: type `ast::Query` is more private than the item `syntax::parser::query`
   --> src/syntax/parser.rs:967:1
    |
967 | pub fn query(i: &str) -> IResult<&str, ast::Query, nom::error::Error<&str>> {
    | ^^^^^^^^^^^^^^^^^^^^^^^^^^^^^^^^^^^^^^^^^^^^^^^^^^^^^^^^^^^^^^^^^^^^^^^^^^^ function `syntax::parser::query` is reachable at visibility `pub`
    |
note: but type `ast::Query` is only usable at visibility `pub(crate)`
   --> src/syntax/ast.rs:15:1
    |
 15 | pub(crate) enum Query {
    | ^^^^^^^^^^^^^^^^^^^^^

warning: struct `IndexBinding` is never constructed
   --> src/common/types.rs:403:19
    |
403 | pub(crate) struct IndexBinding {
    |                   ^^^^^^^^^^^^
    |
    = note: `#[warn(dead_code)]` (part of `#[warn(unused)]`) on by default

warning: associated function `datatype` is never used
   --> src/execution/datasource.rs:344:19
    |
331 | impl ClassicLoadBalancerLogField {
    | -------------------------------- associated function in this implementation
...
344 |     pub(crate) fn datatype(idx: usize) -> DataType {
    |                   ^^^^^^^^

warning: associated function `datatype` is never used
   --> src/execution/datasource.rs:432:19
    |
419 | impl ApplicationLoadBalancerLogField {
    | ------------------------------------ associated function in this implementation
...
432 |     pub(crate) fn datatype(idx: usize) -> DataType {
    |                   ^^^^^^^^

warning: associated function `datatype` is never used
   --> src/execution/datasource.rs:518:19
    |
505 | impl S3Field {
    | ------------ associated function in this implementation
...
518 |     pub(crate) fn datatype(idx: usize) -> DataType {
    |                   ^^^^^^^^

warning: associated function `datatype` is never used
   --> src/execution/datasource.rs:576:19
    |
563 | impl SquidLogField {
    | ------------------ associated function in this implementation
...
576 |     pub(crate) fn datatype(idx: usize) -> DataType {
    |                   ^^^^^^^^

warning: variant `Cross` is never constructed
  --> src/syntax/ast.rs:27:5
   |
26 | pub(crate) enum JoinType {
   |                 -------- variant in this enum
27 |     Cross,
   |     ^^^^^
   |
   = note: `JoinType` has derived impls for the traits `Clone` and `Debug`, but these are intentionally ignored during dead code analysis

warning: struct `FuncCallExpression` is never constructed
   --> src/syntax/ast.rs:386:19
    |
386 | pub(crate) struct FuncCallExpression {
    |                   ^^^^^^^^^^^^^^^^^^

warning: `logq` (lib) generated 22 warnings (run `cargo fix --lib -p logq` to apply 1 suggestion)
warning: type `syntax::ast::CastType` is more private than the item `execution::types::Expression::Cast::1`
   --> src/execution/types.rs:130:27
    |
130 |     Cast(Box<Expression>, CastType),
    |                           ^^^^^^^^ field `execution::types::Expression::Cast::1` is reachable at visibility `pub`
    |
note: but type `syntax::ast::CastType` is only usable at visibility `pub(crate)`
   --> src/syntax/ast.rs:217:1
    |
217 | pub(crate) enum CastType {
    | ^^^^^^^^^^^^^^^^^^^^^^^^
    = note: `#[warn(private_interfaces)]` on by default

warning: type `execution::types::AvgAggregate` is more private than the item `execution::types::Aggregate::Avg::0`
   --> src/execution/types.rs:697:9
    |
697 |     Avg(AvgAggregate, Named),
    |         ^^^^^^^^^^^^ field `execution::types::Aggregate::Avg::0` is reachable at visibility `pub`
    |
note: but type `execution::types::AvgAggregate` is only usable at visibility `pub(crate)`
   --> src/execution/types.rs:912:1
    |
912 | pub(crate) struct AvgAggregate {
    | ^^^^^^^^^^^^^^^^^^^^^^^^^^^^^^

warning: type `execution::types::CountAggregate` is more private than the item `execution::types::Aggregate::Count::0`
    --> src/execution/types.rs:698:11
     |
 698 |     Count(CountAggregate, Named),
     |           ^^^^^^^^^^^^^^ field `execution::types::Aggregate::Count::0` is reachable at visibility `pub`
     |
note: but type `execution::types::CountAggregate` is only usable at visibility `pub(crate)`
    --> src/execution/types.rs:1001:1
     |
1001 | pub(crate) struct CountAggregate {
     | ^^^^^^^^^^^^^^^^^^^^^^^^^^^^^^^^

warning: type `execution::types::FirstAggregate` is more private than the item `execution::types::Aggregate::First::0`
    --> src/execution/types.rs:699:11
     |
 699 |     First(FirstAggregate, Named),
     |           ^^^^^^^^^^^^^^ field `execution::types::Aggregate::First::0` is reachable at visibility `pub`
     |
note: but type `execution::types::FirstAggregate` is only usable at visibility `pub(crate)`
    --> src/execution/types.rs:1158:1
     |
1158 | pub(crate) struct FirstAggregate {
     | ^^^^^^^^^^^^^^^^^^^^^^^^^^^^^^^^

warning: type `execution::types::LastAggregate` is more private than the item `execution::types::Aggregate::Last::0`
    --> src/execution/types.rs:700:10
     |
 700 |     Last(LastAggregate, Named),
     |          ^^^^^^^^^^^^^ field `execution::types::Aggregate::Last::0` is reachable at visibility `pub`
     |
note: but type `execution::types::LastAggregate` is only usable at visibility `pub(crate)`
    --> src/execution/types.rs:1187:1
     |
1187 | pub(crate) struct LastAggregate {
     | ^^^^^^^^^^^^^^^^^^^^^^^^^^^^^^^

warning: type `execution::types::MaxAggregate` is more private than the item `execution::types::Aggregate::Max::0`
    --> src/execution/types.rs:701:9
     |
 701 |     Max(MaxAggregate, Named),
     |         ^^^^^^^^^^^^ field `execution::types::Aggregate::Max::0` is reachable at visibility `pub`
     |
note: but type `execution::types::MaxAggregate` is only usable at visibility `pub(crate)`
    --> src/execution/types.rs:1078:1
     |
1078 | pub(crate) struct MaxAggregate {
     | ^^^^^^^^^^^^^^^^^^^^^^^^^^^^^^

warning: type `execution::types::MinAggregate` is more private than the item `execution::types::Aggregate::Min::0`
    --> src/execution/types.rs:702:9
     |
 702 |     Min(MinAggregate, Named),
     |         ^^^^^^^^^^^^ field `execution::types::Aggregate::Min::0` is reachable at visibility `pub`
     |
note: but type `execution::types::MinAggregate` is only usable at visibility `pub(crate)`
    --> src/execution/types.rs:1118:1
     |
1118 | pub(crate) struct MinAggregate {
     | ^^^^^^^^^^^^^^^^^^^^^^^^^^^^^^

warning: type `execution::types::SumAggregate` is more private than the item `execution::types::Aggregate::Sum::0`
   --> src/execution/types.rs:703:9
    |
703 |     Sum(SumAggregate, Named),
    |         ^^^^^^^^^^^^ field `execution::types::Aggregate::Sum::0` is reachable at visibility `pub`
    |
note: but type `execution::types::SumAggregate` is only usable at visibility `pub(crate)`
   --> src/execution/types.rs:960:1
    |
960 | pub(crate) struct SumAggregate {
    | ^^^^^^^^^^^^^^^^^^^^^^^^^^^^^^

warning: type `syntax::ast::Query` is more private than the item `syntax::parser::query`
   --> src/syntax/parser.rs:967:1
    |
967 | pub fn query(i: &str) -> IResult<&str, ast::Query, nom::error::Error<&str>> {
    | ^^^^^^^^^^^^^^^^^^^^^^^^^^^^^^^^^^^^^^^^^^^^^^^^^^^^^^^^^^^^^^^^^^^^^^^^^^^ function `syntax::parser::query` is reachable at visibility `pub`
    |
note: but type `syntax::ast::Query` is only usable at visibility `pub(crate)`
   --> src/syntax/ast.rs:15:1
    |
 15 | pub(crate) enum Query {
    | ^^^^^^^^^^^^^^^^^^^^^

warning: constant `EXEC_E1` is never used
  --> benches/helpers/queries.rs:10:11
   |
10 | pub const EXEC_E1: &str = "SELECT * FROM elb LIMIT 10";
   |           ^^^^^^^
   |
   = note: `#[warn(dead_code)]` (part of `#[warn(unused)]`) on by default

warning: constant `EXEC_E2` is never used
  --> benches/helpers/queries.rs:11:11
   |
11 | pub const EXEC_E2: &str = "SELECT elbname, count(*) FROM elb GROUP BY elbname";
   |           ^^^^^^^

warning: constant `EXEC_E3` is never used
  --> benches/helpers/queries.rs:12:11
   |
12 | pub const EXEC_E3: &str = r#"SELECT elbname, elb_status_code FROM elb WHERE elb_status_code = "200" ORDER BY elbname"#;
   |           ^^^^^^^

warning: function `generate_records` is never used
 --> benches/helpers/synthetic.rs:8:8
  |
8 | pub fn generate_records(count: usize) -> VecDeque<Record> {
  |        ^^^^^^^^^^^^^^^^

warning: constant `PARSE_L1` is never used
 --> benches/helpers/queries.rs:2:11
  |
2 | pub const PARSE_L1: &str = "SELECT a FROM t";
  |           ^^^^^^^^
  |
  = note: `#[warn(dead_code)]` (part of `#[warn(unused)]`) on by default

warning: constant `PARSE_L2` is never used
 --> benches/helpers/queries.rs:3:11
  |
3 | pub const PARSE_L2: &str = "SELECT a, b, c FROM t WHERE a > 10";
  |           ^^^^^^^^

warning: constant `PARSE_L3` is never used
 --> benches/helpers/queries.rs:4:11
  |
4 | pub const PARSE_L3: &str = "SELECT a, count(b) FROM t WHERE a > 10 GROUP BY a ORDER BY a DESC LIMIT 100";
  |           ^^^^^^^^

warning: constant `PARSE_L4` is never used
 --> benches/helpers/queries.rs:5:11
  |
5 | pub const PARSE_L4: &str = r#"SELECT a, sum(b) FROM t WHERE a > 10 AND c LIKE "%foo%" GROUP BY a HAVING sum(b) > 100 ORDER BY a"#;
  |           ^^^^^^^^

warning: constant `PARSE_L5` is never used
 --> benches/helpers/queries.rs:6:11
  |
6 | pub const PARSE_L5: &str = r#"SELECT a, CASE WHEN b > 10 THEN "high" WHEN b > 5 THEN "mid" ELSE "low" END AS tier, count(*) FROM t AS...
  |           ^^^^^^^^

warning: constant `PARSE_L6` is never used
 --> benches/helpers/queries.rs:7:11
  |
7 | pub const PARSE_L6: &str = "SELECT a, b FROM t WHERE a IN (10, 20, 30) AND b IS NOT NULL UNION SELECT c, d FROM t2 ORDER BY a LIMIT 50";
  |           ^^^^^^^^

warning: `logq` (lib test) generated 22 warnings (13 duplicates)
warning: `logq` (bench "bench_parser") generated 4 warnings
warning: `logq` (bench "bench_execution") generated 6 warnings
    Finished `bench` profile [optimized] target(s) in 4.29s
warning: the following packages contain code that will be rejected by a future version of Rust: criterion v0.3.3
note: to see what the problems were, use the option `--future-incompat-report`, or run `cargo report future-incompatibilities --id 1`
     Running unittests src/lib.rs (target/release/deps/logq-7e4d188a5330fa48)

running 488 tests
test app::tests::test_alb_aggregate_processing_times ... ignored
test app::tests::test_alb_filter_by_type ... ignored
test app::tests::test_alb_order_by_received_bytes ... ignored
test app::tests::test_elb_limit_with_order ... ignored
test app::tests::test_elb_numeric_aggregation ... ignored
test app::tests::test_elb_order_by_timestamp ... ignored
test app::tests::test_elb_select_and_where_filter ... ignored
test app::tests::test_integration_case_when ... ignored
test app::tests::test_integration_cast_and_concat ... ignored
test app::tests::test_integration_distinct_and_order_by ... ignored
test app::tests::test_integration_join_with_aggregation ... ignored
test app::tests::test_integration_json_output_mode ... ignored
test app::tests::test_integration_like_between_in ... ignored
test app::tests::test_integration_mixed_case_keywords ... ignored
test app::tests::test_integration_nested_path_and_array ... ignored
test app::tests::test_integration_null_missing_propagation ... ignored
test app::tests::test_integration_nullif ... ignored
test app::tests::test_integration_string_functions ... ignored
test app::tests::test_integration_subquery_and_union ... ignored
test app::tests::test_run_cross_join_comma_syntax ... ignored
test app::tests::test_run_cross_join_jsonl ... ignored
test app::tests::test_run_cross_join_with_where ... ignored
test app::tests::test_run_except ... ignored
test app::tests::test_run_explain_mode ... ignored
test app::tests::test_run_intersect ... ignored
test app::tests::test_run_left_join_jsonl ... ignored
test app::tests::test_run_left_join_no_match ... ignored
test app::tests::test_run_left_outer_join_jsonl ... ignored
test app::tests::test_run_real_flat_log ... ignored
test app::tests::test_run_real_jsonl_log ... ignored
test app::tests::test_run_subquery_in_select ... ignored
test app::tests::test_run_subquery_in_where ... ignored
test app::tests::test_run_union ... ignored
test app::tests::test_s3_dash_placeholders ... ignored
test app::tests::test_s3_filter_by_operation ... ignored
test app::tests::test_s3_group_by_http_status ... ignored
test app::tests::test_s3_string_functions ... ignored
test app::tests::test_squid_count_by_status ... ignored
test app::tests::test_squid_filter_by_method ... ignored
test app::tests::test_squid_like_on_url ... ignored
test app::tests::test_unknown_function_error_at_planning ... ignored
test common::types::tests::test_parse_time_interval ... ignored
test common::types::tests::test_wildcard_array_nested_path ... ignored
test common::types::tests::test_wildcard_array_on_non_array ... ignored
test common::types::tests::test_wildcard_array_path_expr ... ignored
test common::types::tests::test_wildcard_attr_on_non_object ... ignored
test common::types::tests::test_wildcard_attr_path_expr ... ignored
test execution::datasource::tests::test_aws_alb_reader ... ignored
test execution::datasource::tests::test_aws_elb_reader ... ignored
test execution::datasource::tests::test_aws_s3_reader ... ignored
test execution::datasource::tests::test_idempotent_property ... ignored
test execution::datasource::tests::test_reader_on_empty_input ... ignored
test execution::datasource::tests::test_reader_on_malformed_input ... ignored
test execution::datasource::tests::test_squid_reader ... ignored
test execution::stream::tests::test_distinct_stream ... ignored
test execution::stream::tests::test_distinct_stream_all_unique ... ignored
test execution::stream::tests::test_distinct_stream_empty ... ignored
test execution::stream::tests::test_filter_stream ... ignored
test execution::stream::tests::test_limit_stream ... ignored
test execution::stream::tests::test_map_stream_with_names ... ignored
test execution::stream::tests::test_map_stream_with_star ... ignored
test execution::stream::tests::test_record_merge ... ignored
test execution::stream::tests::test_record_merge_overlapping_keys ... ignored
test execution::types::tests::test_arithmetic_null_propagation ... ignored
test execution::types::tests::test_avg_aggregate_with_many_elements ... ignored
test execution::types::tests::test_avg_aggregate_with_one_element ... ignored
test execution::types::tests::test_cast_bool_to_int ... ignored
test execution::types::tests::test_cast_bool_to_string ... ignored
test execution::types::tests::test_cast_float_to_int ... ignored
test execution::types::tests::test_cast_float_to_string ... ignored
test execution::types::tests::test_cast_identity ... ignored
test execution::types::tests::test_cast_int_to_float ... ignored
test execution::types::tests::test_cast_int_to_string ... ignored
test execution::types::tests::test_cast_missing_propagation ... ignored
test execution::types::tests::test_cast_null_propagation ... ignored
test execution::types::tests::test_cast_string_to_bool ... ignored
test execution::types::tests::test_cast_string_to_bool_invalid ... ignored
test execution::types::tests::test_cast_string_to_float ... ignored
test execution::types::tests::test_cast_string_to_int ... ignored
test execution::types::tests::test_cast_string_to_int_invalid ... ignored
test execution::types::tests::test_char_length ... ignored
test execution::types::tests::test_comparison_int_float_coercion ... ignored
test execution::types::tests::test_comparison_null_returns_none ... ignored
test execution::types::tests::test_count_aggregate ... ignored
test execution::types::tests::test_date_part_all_units ... ignored
test execution::types::tests::test_evaluate ... ignored
test execution::types::tests::test_evaluate_host_functions ... ignored
test execution::types::tests::test_evaluate_url_functions ... ignored
test execution::types::tests::test_first_aggregate ... ignored
test execution::types::tests::test_float_arithmetic ... ignored
test execution::types::tests::test_in_evaluation ... ignored
test execution::types::tests::test_in_null_propagation ... ignored
test execution::types::tests::test_is_missing ... ignored
test execution::types::tests::test_is_not_missing ... ignored
test execution::types::tests::test_is_not_null ... ignored
test execution::types::tests::test_is_null ... ignored
test execution::types::tests::test_last_aggregate ... ignored
test execution::types::tests::test_like_evaluation ... ignored
test execution::types::tests::test_like_null_propagation ... ignored
test execution::types::tests::test_like_pattern_to_regex ... ignored
test execution::types::tests::test_lower ... ignored
test execution::types::tests::test_max_aggregate ... ignored
test execution::types::tests::test_min_aggregate ... ignored
test execution::types::tests::test_not_in_evaluation ... ignored
test execution::types::tests::test_not_in_null_propagation ... ignored
test execution::types::tests::test_not_like_evaluation ... ignored
test execution::types::tests::test_string_concat_evaluation ... ignored
test execution::types::tests::test_string_concat_missing_propagation ... ignored
test execution::types::tests::test_string_concat_null_propagation ... ignored
test execution::types::tests::test_string_functions_null_propagation ... ignored
test execution::types::tests::test_substring ... ignored
test execution::types::tests::test_sum_aggregate_with_many_elements ... ignored
test execution::types::tests::test_three_valued_and ... ignored
test execution::types::tests::test_three_valued_and_with_null ... ignored
test execution::types::tests::test_three_valued_not ... ignored
test execution::types::tests::test_three_valued_not_with_null ... ignored
test execution::types::tests::test_three_valued_or ... ignored
test execution::types::tests::test_three_valued_or_with_null ... ignored
test execution::types::tests::test_trim ... ignored
test execution::types::tests::test_upper ... ignored
test functions::arithmetic::tests::test_abs_float ... ignored
test functions::arithmetic::tests::test_abs_int ... ignored
test functions::arithmetic::tests::test_acos ... ignored
test functions::arithmetic::tests::test_asin ... ignored
test functions::arithmetic::tests::test_atan ... ignored
test functions::arithmetic::tests::test_atan2 ... ignored
test functions::arithmetic::tests::test_ceil ... ignored
test functions::arithmetic::tests::test_ceil_int_passthrough ... ignored
test functions::arithmetic::tests::test_ceiling_alias ... ignored
test functions::arithmetic::tests::test_cos ... ignored
test functions::arithmetic::tests::test_cosh ... ignored
test functions::arithmetic::tests::test_degrees ... ignored
test functions::arithmetic::tests::test_divide_by_zero ... ignored
test functions::arithmetic::tests::test_e_constant ... ignored
test functions::arithmetic::tests::test_exp ... ignored
test functions::arithmetic::tests::test_exp_int ... ignored
test functions::arithmetic::tests::test_floor ... ignored
test functions::arithmetic::tests::test_floor_int_passthrough ... ignored
test functions::arithmetic::tests::test_infinity ... ignored
test functions::arithmetic::tests::test_is_finite ... ignored
test functions::arithmetic::tests::test_is_infinite ... ignored
test functions::arithmetic::tests::test_is_nan ... ignored
test functions::arithmetic::tests::test_ln ... ignored
test functions::arithmetic::tests::test_ln_e ... ignored
test functions::arithmetic::tests::test_log10 ... ignored
test functions::arithmetic::tests::test_log2 ... ignored
test functions::arithmetic::tests::test_minus_int ... ignored
test functions::arithmetic::tests::test_mod_by_zero ... ignored
test functions::arithmetic::tests::test_mod_int ... ignored
test functions::arithmetic::tests::test_modulus_alias ... ignored
test functions::arithmetic::tests::test_nan_constant ... ignored
test functions::arithmetic::tests::test_pi ... ignored
test functions::arithmetic::tests::test_plus_float ... ignored
test functions::arithmetic::tests::test_plus_int ... ignored
test functions::arithmetic::tests::test_plus_int_float_coercion ... ignored
test functions::arithmetic::tests::test_plus_null_propagation ... ignored
test functions::arithmetic::tests::test_pow_alias ... ignored
test functions::arithmetic::tests::test_power ... ignored
test functions::arithmetic::tests::test_power_float ... ignored
test functions::arithmetic::tests::test_radians ... ignored
test functions::arithmetic::tests::test_rand_returns_float ... ignored
test functions::arithmetic::tests::test_random_alias ... ignored
test functions::arithmetic::tests::test_round ... ignored
test functions::arithmetic::tests::test_round_down ... ignored
test functions::arithmetic::tests::test_round_int_passthrough ... ignored
test functions::arithmetic::tests::test_round_two_args ... ignored
test functions::arithmetic::tests::test_sign ... ignored
test functions::arithmetic::tests::test_sign_float ... ignored
test functions::arithmetic::tests::test_sin ... ignored
test functions::arithmetic::tests::test_sqrt ... ignored
test functions::arithmetic::tests::test_sqrt_int ... ignored
test functions::arithmetic::tests::test_tan ... ignored
test functions::arithmetic::tests::test_tanh ... ignored
test functions::arithmetic::tests::test_times_int ... ignored
test functions::arithmetic::tests::test_trig_with_int ... ignored
test functions::arithmetic::tests::test_trunc_alias ... ignored
test functions::arithmetic::tests::test_truncate ... ignored
test functions::array::tests::test_array_contains ... ignored
test functions::array::tests::test_array_distinct ... ignored
test functions::array::tests::test_array_except ... ignored
test functions::array::tests::test_array_intersect ... ignored
test functions::array::tests::test_array_join ... ignored
test functions::array::tests::test_array_join_with_null_replacement ... ignored
test functions::array::tests::test_array_join_with_nulls_skip ... ignored
test functions::array::tests::test_array_max ... ignored
test functions::array::tests::test_array_min ... ignored
test functions::array::tests::test_array_null_propagation ... ignored
test functions::array::tests::test_array_position ... ignored
test functions::array::tests::test_array_remove ... ignored
test functions::array::tests::test_array_sort ... ignored
test functions::array::tests::test_array_sort_strings ... ignored
test functions::array::tests::test_array_union ... ignored
test functions::array::tests::test_cardinality ... ignored
test functions::array::tests::test_cardinality_object ... ignored
test functions::array::tests::test_flatten ... ignored
test functions::array::tests::test_flatten_mixed ... ignored
test functions::array::tests::test_shuffle ... ignored
test functions::array::tests::test_slice ... ignored
test functions::array::tests::test_slice_out_of_bounds ... ignored
test functions::bitwise::tests::test_bit_count ... ignored
test functions::bitwise::tests::test_bitwise_and ... ignored
test functions::bitwise::tests::test_bitwise_not ... ignored
test functions::bitwise::tests::test_bitwise_null_propagation ... ignored
test functions::bitwise::tests::test_bitwise_or ... ignored
test functions::bitwise::tests::test_bitwise_shift_left ... ignored
test functions::bitwise::tests::test_bitwise_shift_right ... ignored
test functions::bitwise::tests::test_bitwise_xor ... ignored
test functions::datetime::tests::test_date_add_day ... ignored
test functions::datetime::tests::test_date_add_hour ... ignored
test functions::datetime::tests::test_date_add_minute ... ignored
test functions::datetime::tests::test_date_add_second ... ignored
test functions::datetime::tests::test_date_diff_day ... ignored
test functions::datetime::tests::test_date_diff_hour ... ignored
test functions::datetime::tests::test_date_diff_minute ... ignored
test functions::datetime::tests::test_date_diff_second ... ignored
test functions::datetime::tests::test_date_part_day ... ignored
test functions::datetime::tests::test_date_part_hour ... ignored
test functions::datetime::tests::test_date_part_minute ... ignored
test functions::datetime::tests::test_date_part_month ... ignored
test functions::datetime::tests::test_date_part_null_propagation ... ignored
test functions::datetime::tests::test_date_part_second ... ignored
test functions::datetime::tests::test_date_part_year ... ignored
test functions::datetime::tests::test_date_trunc_day ... ignored
test functions::datetime::tests::test_date_trunc_hour ... ignored
test functions::datetime::tests::test_date_trunc_minute ... ignored
test functions::datetime::tests::test_date_trunc_second ... ignored
test functions::datetime::tests::test_day ... ignored
test functions::datetime::tests::test_day_of_week ... ignored
test functions::datetime::tests::test_day_of_year ... ignored
test functions::datetime::tests::test_from_unixtime ... ignored
test functions::datetime::tests::test_hour ... ignored
test functions::datetime::tests::test_millisecond ... ignored
test functions::datetime::tests::test_minute ... ignored
test functions::datetime::tests::test_month ... ignored
test functions::datetime::tests::test_now ... ignored
test functions::datetime::tests::test_quarter ... ignored
test functions::datetime::tests::test_second ... ignored
test functions::datetime::tests::test_time_bucket_15_seconds ... ignored
test functions::datetime::tests::test_time_bucket_2_hours ... ignored
test functions::datetime::tests::test_time_bucket_5_minutes ... ignored
test functions::datetime::tests::test_time_bucket_null_propagation ... ignored
test functions::datetime::tests::test_time_bucket_unsupported_interval ... ignored
test functions::datetime::tests::test_time_bucket_zero_interval ... ignored
test functions::datetime::tests::test_to_unixtime ... ignored
test functions::datetime::tests::test_week ... ignored
test functions::datetime::tests::test_year ... ignored
test functions::host::tests::test_host_name ... ignored
test functions::host::tests::test_host_name_invalid_type ... ignored
test functions::host::tests::test_host_name_null_missing ... ignored
test functions::host::tests::test_host_port ... ignored
test functions::host::tests::test_host_port_null_missing ... ignored
test functions::host::tests::test_host_port_zero ... ignored
test functions::json::tests::test_is_json_scalar ... ignored
test functions::json::tests::test_json_array_contains ... ignored
test functions::json::tests::test_json_array_length ... ignored
test functions::json::tests::test_json_array_length_not_array ... ignored
test functions::json::tests::test_json_extract ... ignored
test functions::json::tests::test_json_extract_array_index ... ignored
test functions::json::tests::test_json_extract_nested ... ignored
test functions::json::tests::test_json_extract_scalar ... ignored
test functions::json::tests::test_json_null_propagation ... ignored
test functions::json::tests::test_json_parse_invalid ... ignored
test functions::json::tests::test_json_parse_valid ... ignored
test functions::json::tests::test_json_size_array ... ignored
test functions::json::tests::test_json_size_object ... ignored
test functions::map::tests::test_element_at_array ... ignored
test functions::map::tests::test_element_at_object ... ignored
test functions::map::tests::test_map_concat ... ignored
test functions::map::tests::test_map_entries ... ignored
test functions::map::tests::test_map_from_entries ... ignored
test functions::map::tests::test_map_keys ... ignored
test functions::map::tests::test_map_null_propagation ... ignored
test functions::map::tests::test_map_values ... ignored
test functions::regexp::tests::test_regexp_count ... ignored
test functions::regexp::tests::test_regexp_extract ... ignored
test functions::regexp::tests::test_regexp_extract_all ... ignored
test functions::regexp::tests::test_regexp_extract_no_match ... ignored
test functions::regexp::tests::test_regexp_extract_with_group ... ignored
test functions::regexp::tests::test_regexp_like ... ignored
test functions::regexp::tests::test_regexp_null_propagation ... ignored
test functions::regexp::tests::test_regexp_replace ... ignored
test functions::regexp::tests::test_regexp_split ... ignored
test functions::registry::tests::test_case_insensitive_lookup ... ignored
test functions::registry::tests::test_custom_null_handling ... ignored
test functions::registry::tests::test_duplicate_registration_error ... ignored
test functions::registry::tests::test_null_propagation_missing_precedence ... ignored
test functions::registry::tests::test_register_and_call ... ignored
test functions::registry::tests::test_validate_arity_mismatch ... ignored
test functions::registry::tests::test_validate_range_arity ... ignored
test functions::registry::tests::test_validate_unknown_function ... ignored
test functions::registry::tests::test_validate_variadic_arity ... ignored
test functions::string::tests::test_char_length ... ignored
test functions::string::tests::test_character_length_alias ... ignored
test functions::string::tests::test_chr ... ignored
test functions::string::tests::test_codepoint ... ignored
test functions::string::tests::test_codepoint_error_multi_char ... ignored
test functions::string::tests::test_concat_null_propagation_behavioral_change ... ignored
test functions::string::tests::test_concat_operator ... ignored
test functions::string::tests::test_concat_ws ... ignored
test functions::string::tests::test_concat_ws_null_separator ... ignored
test functions::string::tests::test_concat_ws_skip_nulls ... ignored
test functions::string::tests::test_ends_with ... ignored
test functions::string::tests::test_hamming_distance ... ignored
test functions::string::tests::test_hamming_distance_different_lengths ... ignored
test functions::string::tests::test_levenshtein_distance ... ignored
test functions::string::tests::test_levenshtein_distance_same ... ignored
test functions::string::tests::test_lower ... ignored
test functions::string::tests::test_lpad ... ignored
test functions::string::tests::test_lpad_truncate ... ignored
test functions::string::tests::test_ltrim ... ignored
test functions::string::tests::test_position ... ignored
test functions::string::tests::test_repeat ... ignored
test functions::string::tests::test_replace ... ignored
test functions::string::tests::test_reverse ... ignored
test functions::string::tests::test_reverse_array ... ignored
test functions::string::tests::test_rpad ... ignored
test functions::string::tests::test_rpad_truncate ... ignored
test functions::string::tests::test_rtrim ... ignored
test functions::string::tests::test_split ... ignored
test functions::string::tests::test_split_part ... ignored
test functions::string::tests::test_split_part_out_of_bounds ... ignored
test functions::string::tests::test_starts_with ... ignored
test functions::string::tests::test_strpos ... ignored
test functions::string::tests::test_substring_three_args ... ignored
test functions::string::tests::test_substring_two_args ... ignored
test functions::string::tests::test_trim ... ignored
test functions::string::tests::test_upper ... ignored
test functions::type_conversion::tests::test_format_number ... ignored
test functions::type_conversion::tests::test_from_base ... ignored
test functions::type_conversion::tests::test_to_base ... ignored
test functions::type_conversion::tests::test_try_cast_int_to_string ... ignored
test functions::type_conversion::tests::test_try_cast_invalid_returns_null ... ignored
test functions::type_conversion::tests::test_try_cast_string_to_boolean ... ignored
test functions::type_conversion::tests::test_try_cast_string_to_int ... ignored
test functions::type_conversion::tests::test_typeof_int ... ignored
test functions::type_conversion::tests::test_typeof_null ... ignored
test functions::type_conversion::tests::test_typeof_string ... ignored
test functions::url::tests::test_url_fragment ... ignored
test functions::url::tests::test_url_fragment_none ... ignored
test functions::url::tests::test_url_host ... ignored
test functions::url::tests::test_url_host_null_missing ... ignored
test functions::url::tests::test_url_path ... ignored
test functions::url::tests::test_url_path_bucket ... ignored
test functions::url::tests::test_url_path_bucket_null_missing ... ignored
test functions::url::tests::test_url_path_segments ... ignored
test functions::url::tests::test_url_path_segments_null_missing ... ignored
test functions::url::tests::test_url_port ... ignored
test functions::url::tests::test_url_port_none ... ignored
test functions::url::tests::test_url_query ... ignored
test functions::url::tests::test_url_query_none ... ignored
test logical::parser::test::test_parse_aggregate ... ignored
test logical::parser::test::test_parse_condition ... ignored
test logical::parser::test::test_parse_condition_non_binary_expression ... ignored
test logical::parser::test::test_parse_logic_case_when_in_boolean_context ... ignored
test logical::parser::test::test_parse_logic_column_in_boolean_context ... ignored
test logical::parser::test::test_parse_logic_expression ... ignored
test logical::parser::test::test_parse_logic_func_call_in_boolean_context ... ignored
test logical::parser::test::test_parse_query_cross_join_produces_cross_join_node ... ignored
test logical::parser::test::test_parse_query_group_by_mismatch_fields ... ignored
test logical::parser::test::test_parse_query_group_by_without_aggregate ... ignored
test logical::parser::test::test_parse_query_left_join_produces_left_join_node ... ignored
test logical::parser::test::test_parse_query_select_value_expression ... ignored
test logical::parser::test::test_parse_query_select_value_literal ... ignored
test logical::parser::test::test_parse_query_single_from_no_cross_join ... ignored
test logical::parser::test::test_parse_query_with_group_by ... ignored
test logical::parser::test::test_parse_query_with_simple_select_where_no_from_clause_bindings ... ignored
test logical::parser::test::test_parse_query_with_simple_select_where_with_bindings ... ignored
test logical::parser::test::test_parse_value_expression ... ignored
test logical::types::test::test_expression_gen_physical ... ignored
test logical::types::test::test_filter_with_map_gen_physical ... ignored
test logical::types::test::test_formula_gen_physical ... ignored
test logical::types::test::test_group_by_gen_physical ... ignored
test logical::types::test::test_relation_gen_physical ... ignored
test syntax::desugar::tests::test_desugar_between ... ignored
test syntax::desugar::tests::test_desugar_coalesce_case_insensitive ... ignored
test syntax::desugar::tests::test_desugar_coalesce_no_args ... ignored
test syntax::desugar::tests::test_desugar_coalesce_single_arg ... ignored
test syntax::desugar::tests::test_desugar_coalesce_three_args ... ignored
test syntax::desugar::tests::test_desugar_coalesce_two_args ... ignored
test syntax::desugar::tests::test_desugar_identity ... ignored
test syntax::desugar::tests::test_desugar_nested_expression ... ignored
test syntax::desugar::tests::test_desugar_not_between ... ignored
test syntax::desugar::tests::test_desugar_nullif ... ignored
test syntax::desugar::tests::test_desugar_nullif_case_insensitive ... ignored
test syntax::desugar::tests::test_desugar_nullif_wrong_arg_count ... ignored
test syntax::parser::test::test_array_constructor ... ignored
test syntax::parser::test::test_between_case_insensitive ... ignored
test syntax::parser::test::test_between_expression_structure ... ignored
test syntax::parser::test::test_between_parsing ... ignored
test syntax::parser::test::test_between_with_logical_and ... ignored
test syntax::parser::test::test_boolean ... ignored
test syntax::parser::test::test_case_when_expression ... ignored
test syntax::parser::test::test_case_when_no_else ... ignored
test syntax::parser::test::test_cast_bool_alias ... ignored
test syntax::parser::test::test_cast_boolean_type ... ignored
test syntax::parser::test::test_cast_float_type ... ignored
test syntax::parser::test::test_cast_in_select ... ignored
test syntax::parser::test::test_cast_in_where ... ignored
test syntax::parser::test::test_cast_integer_alias ... ignored
test syntax::parser::test::test_cast_parsing ... ignored
test syntax::parser::test::test_cast_parsing_uppercase ... ignored
test syntax::parser::test::test_cast_string_alias ... ignored
test syntax::parser::test::test_cast_with_expression ... ignored
test syntax::parser::test::test_coalesce_in_select ... ignored
test syntax::parser::test::test_coalesce_in_where ... ignored
test syntax::parser::test::test_coalesce_parsing ... ignored
test syntax::parser::test::test_coalesce_three_args_parsing ... ignored
test syntax::parser::test::test_condition_expression ... ignored
test syntax::parser::test::test_cross_join_and_comma_both_work ... ignored
test syntax::parser::test::test_cross_join_case_insensitive ... ignored
test syntax::parser::test::test_cross_join_parsing ... ignored
test syntax::parser::test::test_cross_join_three_way ... ignored
test syntax::parser::test::test_cross_join_with_where ... ignored
test syntax::parser::test::test_except_parsing ... ignored
test syntax::parser::test::test_expression_term ... ignored
test syntax::parser::test::test_float ... ignored
test syntax::parser::test::test_func_call ... ignored
test syntax::parser::test::test_group_by_expression ... ignored
test syntax::parser::test::test_identifier ... ignored
test syntax::parser::test::test_in_case_insensitive ... ignored
test syntax::parser::test::test_in_expression_structure ... ignored
test syntax::parser::test::test_in_parsing ... ignored
test syntax::parser::test::test_in_with_and ... ignored
test syntax::parser::test::test_integral ... ignored
test syntax::parser::test::test_intersect_parsing ... ignored
test syntax::parser::test::test_is_missing_expression_structure ... ignored
test syntax::parser::test::test_is_missing_parsing ... ignored
test syntax::parser::test::test_is_not_missing_expression_structure ... ignored
test syntax::parser::test::test_is_not_missing_parsing ... ignored
test syntax::parser::test::test_is_not_null_expression_structure ... ignored
test syntax::parser::test::test_is_not_null_parsing ... ignored
test syntax::parser::test::test_is_null_expression_structure ... ignored
test syntax::parser::test::test_is_null_parsing ... ignored
test syntax::parser::test::test_keyword_as_identifier_rejected_case_insensitive ... ignored
test syntax::parser::test::test_left_join_parsing ... ignored
test syntax::parser::test::test_left_outer_join_parsing ... ignored
test syntax::parser::test::test_like_case_insensitive_keyword ... ignored
test syntax::parser::test::test_like_expression_structure ... ignored
test syntax::parser::test::test_like_parsing ... ignored
test syntax::parser::test::test_like_with_and ... ignored
test syntax::parser::test::test_missing_literal ... ignored
test syntax::parser::test::test_mixed_case_query ... ignored
test syntax::parser::test::test_multi_branch_case_when ... ignored
test syntax::parser::test::test_not_between_expression_structure ... ignored
test syntax::parser::test::test_not_between_parsing ... ignored
test syntax::parser::test::test_not_in_expression_structure ... ignored
test syntax::parser::test::test_not_in_parsing ... ignored
test syntax::parser::test::test_not_like_expression_structure ... ignored
test syntax::parser::test::test_not_like_parsing ... ignored
test syntax::parser::test::test_null_literal ... ignored
test syntax::parser::test::test_null_literal_uppercase ... ignored
test syntax::parser::test::test_nullif_in_select ... ignored
test syntax::parser::test::test_nullif_in_where ... ignored
test syntax::parser::test::test_nullif_parsing ... ignored
test syntax::parser::test::test_order_by_clause ... ignored
test syntax::parser::test::test_ordering_term ... ignored
test syntax::parser::test::test_parse_expression_at_precedence ... ignored
test syntax::parser::test::test_parse_expression_atom ... ignored
test syntax::parser::test::test_parse_expression_op ... ignored
test syntax::parser::test::test_path_expr ... ignored
test syntax::parser::test::test_select_distinct_parsing ... ignored
test syntax::parser::test::test_select_expression_list ... ignored
test syntax::parser::test::test_select_statement ... ignored
test syntax::parser::test::test_select_statement_with_as ... ignored
test syntax::parser::test::test_select_statement_with_func_call ... ignored
test syntax::parser::test::test_select_statement_with_limit ... ignored
test syntax::parser::test::test_select_statement_with_order ... ignored
test syntax::parser::test::test_select_statement_with_within_group ... ignored
test syntax::parser::test::test_select_stmt_error ... ignored
test syntax::parser::test::test_select_value_statement ... ignored
test syntax::parser::test::test_select_without_distinct ... ignored
test syntax::parser::test::test_single_quote_literal_string ... ignored
test syntax::parser::test::test_string_concat_chained ... ignored
test syntax::parser::test::test_string_concat_parsing ... ignored
test syntax::parser::test::test_string_literal ... ignored
test syntax::parser::test::test_string_literal_case_preserved ... ignored
test syntax::parser::test::test_subquery_in_select ... ignored
test syntax::parser::test::test_subquery_in_where ... ignored
test syntax::parser::test::test_tuple_constructor ... ignored
test syntax::parser::test::test_union_all_parsing ... ignored
test syntax::parser::test::test_union_parsing ... ignored
test syntax::parser::test::test_uppercase_logical_operators ... ignored
test syntax::parser::test::test_value_constructor ... ignored
test syntax::parser::test::test_value_expression ... ignored
test syntax::parser::test::test_wildcard_array_path ... ignored
test syntax::parser::test::test_wildcard_array_path_nested ... ignored
test syntax::parser::test::test_wildcard_attr_path ... ignored
test syntax::parser::test::test_wildcard_attr_path_nested ... ignored

test result: ok. 0 passed; 0 failed; 488 ignored; 0 measured; 0 filtered out; finished in 0.00s

     Running unittests src/main.rs (target/release/deps/logq-d748184d2426d684)

running 0 tests

test result: ok. 0 passed; 0 failed; 0 ignored; 0 measured; 0 filtered out; finished in 0.00s

     Running benches/bench_datasource.rs (target/release/deps/bench_datasource-7bf4fe191abf886b)
Gnuplot not found, using plotters backend
Benchmarking datasource/ELB
Benchmarking datasource/ELB: Warming up for 3.0000 s
Benchmarking datasource/ELB: Collecting 100 samples in estimated 5.2449 s (1900 iterations)
Benchmarking datasource/ELB: Analyzing
datasource/ELB          time:   [2.8886 ms 2.9384 ms 2.9966 ms]
                        thrpt:  [222.92 Kelem/s 227.33 Kelem/s 231.25 Kelem/s]
                 change:
                        time:   [+9.5264% +11.507% +13.995%] (p = 0.00 < 0.05)
                        thrpt:  [-12.277% -10.320% -8.6978%]
                        Performance has regressed.
Found 6 outliers among 100 measurements (6.00%)
  3 (3.00%) high mild
  3 (3.00%) high severe
Benchmarking datasource/ALB
Benchmarking datasource/ALB: Warming up for 3.0000 s
Benchmarking datasource/ALB: Collecting 100 samples in estimated 5.3673 s (1200 iterations)
Benchmarking datasource/ALB: Analyzing
datasource/ALB          time:   [4.4196 ms 4.4395 ms 4.4601 ms]
                        thrpt:  [224.43 Kelem/s 225.48 Kelem/s 226.49 Kelem/s]
                 change:
                        time:   [+7.1248% +7.8509% +8.5758%] (p = 0.00 < 0.05)
                        thrpt:  [-7.8984% -7.2794% -6.6509%]
                        Performance has regressed.
Benchmarking datasource/S3
Benchmarking datasource/S3: Warming up for 3.0000 s
Benchmarking datasource/S3: Collecting 100 samples in estimated 5.0871 s (1800 iterations)
Benchmarking datasource/S3: Analyzing
datasource/S3           time:   [2.8151 ms 2.8319 ms 2.8490 ms]
                        thrpt:  [351.00 Kelem/s 353.12 Kelem/s 355.23 Kelem/s]
                 change:
                        time:   [+7.5092% +8.1292% +8.7015%] (p = 0.00 < 0.05)
                        thrpt:  [-8.0049% -7.5181% -6.9847%]
                        Performance has regressed.
Found 1 outliers among 100 measurements (1.00%)
  1 (1.00%) high mild
Benchmarking datasource/Squid
Benchmarking datasource/Squid: Warming up for 3.0000 s

Warning: Unable to complete 100 samples in 5.0s. You may wish to increase target time to 5.7s, enable flat sampling, or reduce sample count to 60.
Benchmarking datasource/Squid: Collecting 100 samples in estimated 5.6971 s (5050 iterations)
Benchmarking datasource/Squid: Analyzing
datasource/Squid        time:   [1.1127 ms 1.1242 ms 1.1394 ms]
                        thrpt:  [877.67 Kelem/s 889.54 Kelem/s 898.71 Kelem/s]
                 change:
                        time:   [+3.4524% +4.4107% +5.4593%] (p = 0.00 < 0.05)
                        thrpt:  [-5.1767% -4.2244% -3.3372%]
                        Performance has regressed.
Found 7 outliers among 100 measurements (7.00%)
  4 (4.00%) high mild
  3 (3.00%) high severe
Benchmarking datasource/JSONL
Benchmarking datasource/JSONL: Warming up for 3.0000 s
Benchmarking datasource/JSONL: Collecting 100 samples in estimated 8.4911 s (10k iterations)
Benchmarking datasource/JSONL: Analyzing
datasource/JSONL        time:   [876.62 us 883.22 us 890.64 us]
                        thrpt:  [1.1250 Melem/s 1.1345 Melem/s 1.1430 Melem/s]
                 change:
                        time:   [+2.4117% +3.8688% +5.3584%] (p = 0.00 < 0.05)
                        thrpt:  [-5.0859% -3.7247% -2.3549%]
                        Performance has regressed.
Found 2 outliers among 100 measurements (2.00%)
  2 (2.00%) high mild

     Running benches/bench_execution.rs (target/release/deps/bench_execution-74d7b901e82c6a54)
Gnuplot not found, using plotters backend
Benchmarking execution_e2e/E1_scan_limit
Benchmarking execution_e2e/E1_scan_limit: Warming up for 3.0000 s
Benchmarking execution_e2e/E1_scan_limit: Collecting 100 samples in estimated 5.4550 s (50k iterations)
Benchmarking execution_e2e/E1_scan_limit: Analyzing
execution_e2e/E1_scan_limit
                        time:   [106.05 us 106.78 us 107.60 us]
                        change: [+4.8118% +6.4577% +8.2299%] (p = 0.00 < 0.05)
                        Performance has regressed.
Found 6 outliers among 100 measurements (6.00%)
  3 (3.00%) high mild
  3 (3.00%) high severe
Benchmarking execution_e2e/E2_groupby_count
Benchmarking execution_e2e/E2_groupby_count: Warming up for 3.0000 s
Benchmarking execution_e2e/E2_groupby_count: Collecting 100 samples in estimated 5.4309 s (1200 iterations)
Benchmarking execution_e2e/E2_groupby_count: Analyzing
execution_e2e/E2_groupby_count
                        time:   [4.4719 ms 4.4897 ms 4.5092 ms]
                        change: [+6.3390% +6.9068% +7.4598%] (p = 0.00 < 0.05)
                        Performance has regressed.
Found 5 outliers among 100 measurements (5.00%)
  3 (3.00%) high mild
  2 (2.00%) high severe
Benchmarking execution_e2e/E3_filter_orderby
Benchmarking execution_e2e/E3_filter_orderby: Warming up for 3.0000 s
Benchmarking execution_e2e/E3_filter_orderby: Collecting 100 samples in estimated 5.0061 s (2.1M iterations)
Benchmarking execution_e2e/E3_filter_orderby: Analyzing
execution_e2e/E3_filter_orderby
                        time:   [2.3427 us 2.3473 us 2.3524 us]
                        change: [+6.1510% +6.7795% +7.3513%] (p = 0.00 < 0.05)
                        Performance has regressed.
Found 3 outliers among 100 measurements (3.00%)
  2 (2.00%) high mild
  1 (1.00%) high severe

Benchmarking execution_map/1K
Benchmarking execution_map/1K: Warming up for 3.0000 s
Benchmarking execution_map/1K: Collecting 100 samples in estimated 5.9938 s (10k iterations)
Benchmarking execution_map/1K: Analyzing
execution_map/1K        time:   [323.08 us 337.09 us 353.43 us]
                        change: [+11.422% +16.268% +21.930%] (p = 0.00 < 0.05)
                        Performance has regressed.
Found 16 outliers among 100 measurements (16.00%)
  5 (5.00%) high mild
  11 (11.00%) high severe
Benchmarking execution_map/10K
Benchmarking execution_map/10K: Warming up for 3.0000 s
Benchmarking execution_map/10K: Collecting 100 samples in estimated 5.3101 s (900 iterations)
Benchmarking execution_map/10K: Analyzing
execution_map/10K       time:   [3.0521 ms 3.0686 ms 3.0859 ms]
                        change: [+2.6550% +3.8546% +5.0678%] (p = 0.00 < 0.05)
                        Performance has regressed.
Found 1 outliers among 100 measurements (1.00%)
  1 (1.00%) high severe
Benchmarking execution_map/100K
Benchmarking execution_map/100K: Warming up for 3.0000 s

Warning: Unable to complete 20 samples in 10.0s. You may wish to increase target time to 13.0s, enable flat sampling, or reduce sample count to 10.
Benchmarking execution_map/100K: Collecting 20 samples in estimated 12.996 s (210 iterations)
Benchmarking execution_map/100K: Analyzing
execution_map/100K      time:   [31.383 ms 31.535 ms 31.692 ms]
                        change: [+6.1366% +7.7200% +9.1294%] (p = 0.00 < 0.05)
                        Performance has regressed.

Benchmarking execution_filter/1K
Benchmarking execution_filter/1K: Warming up for 3.0000 s
Benchmarking execution_filter/1K: Collecting 100 samples in estimated 7.2536 s (15k iterations)
Benchmarking execution_filter/1K: Analyzing
execution_filter/1K     time:   [177.01 us 177.69 us 178.34 us]
                        change: [+5.6302% +6.6601% +7.6379%] (p = 0.00 < 0.05)
                        Performance has regressed.
Found 1 outliers among 100 measurements (1.00%)
  1 (1.00%) low mild
Benchmarking execution_filter/10K
Benchmarking execution_filter/10K: Warming up for 3.0000 s
Benchmarking execution_filter/10K: Collecting 100 samples in estimated 5.2916 s (1100 iterations)
Benchmarking execution_filter/10K: Analyzing
execution_filter/10K    time:   [1.7795 ms 1.7871 ms 1.7946 ms]
                        change: [+4.9278% +5.9220% +6.8647%] (p = 0.00 < 0.05)
                        Performance has regressed.
Benchmarking execution_filter/100K
Benchmarking execution_filter/100K: Warming up for 3.0000 s

Warning: Unable to complete 20 samples in 10.0s. You may wish to increase target time to 10.1s, enable flat sampling, or reduce sample count to 10.
Benchmarking execution_filter/100K: Collecting 20 samples in estimated 10.078 s (210 iterations)
Benchmarking execution_filter/100K: Analyzing
execution_filter/100K   time:   [17.693 ms 17.784 ms 17.904 ms]
                        change: [+5.9933% +7.0593% +8.1188%] (p = 0.00 < 0.05)
                        Performance has regressed.
Found 2 outliers among 20 measurements (10.00%)
  1 (5.00%) high mild
  1 (5.00%) high severe

Benchmarking execution_limit/1K
Benchmarking execution_limit/1K: Warming up for 3.0000 s
Benchmarking execution_limit/1K: Collecting 100 samples in estimated 6.6692 s (15k iterations)
Benchmarking execution_limit/1K: Analyzing
execution_limit/1K      time:   [123.88 us 124.82 us 126.02 us]
                        change: [+0.0293% +1.5665% +2.9834%] (p = 0.03 < 0.05)
                        Change within noise threshold.
Benchmarking execution_limit/10K
Benchmarking execution_limit/10K: Warming up for 3.0000 s
Benchmarking execution_limit/10K: Collecting 100 samples in estimated 5.1935 s (1300 iterations)
Benchmarking execution_limit/10K: Analyzing
execution_limit/10K     time:   [1.2266 ms 1.2316 ms 1.2366 ms]
                        change: [-2.6848% -1.8920% -1.1569%] (p = 0.00 < 0.05)
                        Performance has improved.
Found 2 outliers among 100 measurements (2.00%)
  1 (1.00%) low mild
  1 (1.00%) high mild
Benchmarking execution_limit/100K
Benchmarking execution_limit/100K: Warming up for 3.0000 s
Benchmarking execution_limit/100K: Collecting 100 samples in estimated 8.0758 s (200 iterations)
Benchmarking execution_limit/100K: Analyzing
execution_limit/100K    time:   [12.798 ms 12.890 ms 12.984 ms]
                        change: [-0.3546% +0.9369% +2.0837%] (p = 0.13 > 0.05)
                        No change in performance detected.

     Running benches/bench_parser.rs (target/release/deps/bench_parser-bec79dfc3a666948)
Gnuplot not found, using plotters backend
Benchmarking parser/L1_trivial
Benchmarking parser/L1_trivial: Warming up for 3.0000 s
Benchmarking parser/L1_trivial: Collecting 100 samples in estimated 5.0035 s (6.5M iterations)
Benchmarking parser/L1_trivial: Analyzing
parser/L1_trivial       time:   [757.04 ns 759.01 ns 761.56 ns]
                        change: [-3.0435% -2.1428% -1.2442%] (p = 0.00 < 0.05)
                        Performance has improved.
Found 6 outliers among 100 measurements (6.00%)
  3 (3.00%) low mild
  2 (2.00%) high mild
  1 (1.00%) high severe
Benchmarking parser/L2_where
Benchmarking parser/L2_where: Warming up for 3.0000 s
Benchmarking parser/L2_where: Collecting 100 samples in estimated 5.0067 s (2.4M iterations)
Benchmarking parser/L2_where: Analyzing
parser/L2_where         time:   [2.0738 us 2.0777 us 2.0817 us]
                        change: [-1.8362% -1.2463% -0.7478%] (p = 0.00 < 0.05)
                        Change within noise threshold.
Found 3 outliers among 100 measurements (3.00%)
  1 (1.00%) low mild
  1 (1.00%) high mild
  1 (1.00%) high severe
Benchmarking parser/L3_group_order_limit
Benchmarking parser/L3_group_order_limit: Warming up for 3.0000 s
Benchmarking parser/L3_group_order_limit: Collecting 100 samples in estimated 5.0051 s (1.9M iterations)
Benchmarking parser/L3_group_order_limit: Analyzing
parser/L3_group_order_limit
                        time:   [2.5663 us 2.5789 us 2.5950 us]
                        change: [-1.0985% -0.4771% +0.3341%] (p = 0.20 > 0.05)
                        No change in performance detected.
Found 9 outliers among 100 measurements (9.00%)
  1 (1.00%) low mild
  4 (4.00%) high mild
  4 (4.00%) high severe
Benchmarking parser/L4_having_like
Benchmarking parser/L4_having_like: Warming up for 3.0000 s
Benchmarking parser/L4_having_like: Collecting 100 samples in estimated 5.0162 s (1.2M iterations)
Benchmarking parser/L4_having_like: Analyzing
parser/L4_having_like   time:   [4.2230 us 4.2503 us 4.2876 us]
                        change: [-0.7751% -0.1181% +0.4828%] (p = 0.74 > 0.05)
                        No change in performance detected.
Found 2 outliers among 100 measurements (2.00%)
  1 (1.00%) high mild
  1 (1.00%) high severe
Benchmarking parser/L5_casewhen_join
Benchmarking parser/L5_casewhen_join: Warming up for 3.0000 s
Benchmarking parser/L5_casewhen_join: Collecting 100 samples in estimated 5.0086 s (970k iterations)
Benchmarking parser/L5_casewhen_join: Analyzing
parser/L5_casewhen_join time:   [5.0906 us 5.1312 us 5.1909 us]
                        change: [-1.1833% -0.2834% +0.7834%] (p = 0.57 > 0.05)
                        No change in performance detected.
Found 13 outliers among 100 measurements (13.00%)
  5 (5.00%) high mild
  8 (8.00%) high severe
Benchmarking parser/L6_in_union
Benchmarking parser/L6_in_union: Warming up for 3.0000 s
Benchmarking parser/L6_in_union: Collecting 100 samples in estimated 5.0088 s (2.5M iterations)
Benchmarking parser/L6_in_union: Analyzing
parser/L6_in_union      time:   [2.0211 us 2.0246 us 2.0284 us]
                        change: [-3.1916% -2.5108% -1.8899%] (p = 0.00 < 0.05)
                        Performance has improved.
Found 2 outliers among 100 measurements (2.00%)
  2 (2.00%) high severe

     Running benches/bench_udf.rs (target/release/deps/bench_udf-c2109b63bda29645)
Gnuplot not found, using plotters backend
Benchmarking udf/upper
Benchmarking udf/upper: Warming up for 3.0000 s
Benchmarking udf/upper: Collecting 100 samples in estimated 5.0001 s (165M iterations)
Benchmarking udf/upper: Analyzing
udf/upper               time:   [30.193 ns 30.288 ns 30.399 ns]
                        change: [-2.8878% -2.3292% -1.8060%] (p = 0.00 < 0.05)
                        Performance has improved.
Found 2 outliers among 100 measurements (2.00%)
  2 (2.00%) high mild
Benchmarking udf/round
Benchmarking udf/round: Warming up for 3.0000 s
Benchmarking udf/round: Collecting 100 samples in estimated 5.0001 s (249M iterations)
Benchmarking udf/round: Analyzing
udf/round               time:   [19.871 ns 19.901 ns 19.932 ns]
                        change: [-3.1945% -2.6478% -2.1566%] (p = 0.00 < 0.05)
                        Performance has improved.
Found 7 outliers among 100 measurements (7.00%)
  7 (7.00%) high mild
Benchmarking udf/date_part
Benchmarking udf/date_part: Warming up for 3.0000 s
Benchmarking udf/date_part: Collecting 100 samples in estimated 5.0001 s (187M iterations)
Benchmarking udf/date_part: Analyzing
udf/date_part           time:   [26.743 ns 26.832 ns 26.928 ns]
                        change: [-4.4305% -3.6919% -3.0207%] (p = 0.00 < 0.05)
                        Performance has improved.
Found 6 outliers among 100 measurements (6.00%)
  1 (1.00%) high mild
  5 (5.00%) high severe
Benchmarking udf/array_contains
Benchmarking udf/array_contains: Warming up for 3.0000 s
Benchmarking udf/array_contains: Collecting 100 samples in estimated 5.0001 s (227M iterations)
Benchmarking udf/array_contains: Analyzing
udf/array_contains      time:   [21.886 ns 21.919 ns 21.956 ns]
                        change: [-9.1758% -8.3172% -7.5291%] (p = 0.00 < 0.05)
                        Performance has improved.
Found 1 outliers among 100 measurements (1.00%)
  1 (1.00%) high mild
Benchmarking udf/map_keys
Benchmarking udf/map_keys: Warming up for 3.0000 s
Benchmarking udf/map_keys: Collecting 100 samples in estimated 5.0002 s (88M iterations)
Benchmarking udf/map_keys: Analyzing
udf/map_keys            time:   [56.823 ns 57.052 ns 57.290 ns]
                        change: [-10.430% -8.7076% -7.1421%] (p = 0.00 < 0.05)
                        Performance has improved.
Found 5 outliers among 100 measurements (5.00%)
  1 (1.00%) low mild
  4 (4.00%) high mild
Benchmarking udf/regexp_like
Benchmarking udf/regexp_like: Warming up for 3.0000 s
Benchmarking udf/regexp_like: Collecting 100 samples in estimated 5.0100 s (1.7M iterations)
Benchmarking udf/regexp_like: Analyzing
udf/regexp_like         time:   [2.8876 us 2.9088 us 2.9363 us]
                        change: [-10.563% -9.5189% -8.5162%] (p = 0.00 < 0.05)
                        Performance has improved.
Found 7 outliers among 100 measurements (7.00%)
  1 (1.00%) low severe
  3 (3.00%) high mild
  3 (3.00%) high severe

